info: DB Conected!
info: HTTP Server Up on port 8080! (PRODUCTION)
error: cart.service.js - Error en getCartByID: CastError: Cast to ObjectId failed for value "i234" (type string) at path "_id" for model "carts"
error: cart.controller.js - Error en getProductFromCartById: CustomError: cart.service.js - Error en getCartByID: CastError: Cast to ObjectId failed for value "i234" (type string) at path "_id" for model "carts"
debug: Test de logger debug
http: Test de logger http
info: Test de logger info
warning: Test de logger warning
error: Test de logger error
info: DB Conected!
info: HTTP Server Up on port 8080! (PRODUCTION)
info: DB Conected!
info: HTTP Server Up on port 8080! (PRODUCTION)
info: DB Conected!
info: HTTP Server Up on port 8080! (PRODUCTION)
info: DB Conected!
info: HTTP Server Up on port 8080! (PRODUCTION)
info: DB Conected!
info: HTTP Server Up on port 8080! (PRODUCTION)
info: DB Conected!
info: HTTP Server Up on port 8080! (PRODUCTION)
info: DB Conected!
info: HTTP Server Up on port 8080! (PRODUCTION)
info: DB Conected!
info: HTTP Server Up on port 8080! (PRODUCTION)
info: DB Conected!
info: HTTP Server Up on port 8080! (PRODUCTION)
info: DB Conected!
info: HTTP Server Up on port 8080! (PRODUCTION)
info: DB Conected!
info: HTTP Server Up on port 8080! (PRODUCTION)
info: DB Conected!
info: HTTP Server Up on port 8080! (PRODUCTION)
info: DB Conected!
info: HTTP Server Up on port 8080! (PRODUCTION)
info: DB Conected!
info: HTTP Server Up on port 8080! (PRODUCTION)
info: DB Conected!
info: HTTP Server Up on port 8080! (PRODUCTION)
info: DB Conected!
info: HTTP Server Up on port 8080! (PRODUCTION)
info: DB Conected!
info: HTTP Server Up on port 8080! (PRODUCTION)
info: DB Conected!
info: HTTP Server Up on port 8080! (PRODUCTION)
info: DB Conected!
info: HTTP Server Up on port 8080! (PRODUCTION)
info: DB Conected!
info: HTTP Server Up on port 8080! (PRODUCTION)
info: DB Conected!
info: HTTP Server Up on port 8080! (PRODUCTION)
info: DB Conected!
info: HTTP Server Up on port 8080! (PRODUCTION)
info: DB Conected!
info: HTTP Server Up on port 8080! (PRODUCTION)
info: DB Conected!
info: HTTP Server Up on port 8080! (PRODUCTION)
info: DB Conected!
info: HTTP Server Up on port 8080! (PRODUCTION)
info: DB Conected!
info: HTTP Server Up on port 8080! (PRODUCTION)
info: DB Conected!
info: HTTP Server Up on port 8080! (PRODUCTION)
info: DB Conected!
info: HTTP Server Up on port 8080! (PRODUCTION)
info: DB Conected!
info: HTTP Server Up on port 8080! (PRODUCTION)
info: El usuario al que quiere cambiar la contraseña no existe
error: User not found
info: DB Conected!
info: HTTP Server Up on port 8080! (PRODUCTION)
info: El usuario al que quiere cambiar la contraseña no existe
error: User not found
info: DB Conected!
info: HTTP Server Up on port 8080! (PRODUCTION)
info: DB Conected!
info: HTTP Server Up on port 8080! (PRODUCTION)
info: El usuario al que quiere cambiar la contraseña no existe
error: User not found
info: DB Conected!
info: HTTP Server Up on port 8080! (PRODUCTION)
info: El usuario al que quiere cambiar la contraseña no existe
error: User not found
info: DB Conected!
info: HTTP Server Up on port 8080! (PRODUCTION)
info: El usuario al que quiere cambiar la contraseña no existe
error: User not found
info: DB Conected!
info: HTTP Server Up on port 8080! (PRODUCTION)
info: El usuario al que quiere cambiar la contraseña no existe
error: User not found
info: User not found
info: Socket Server UP!
error: product.service.js - Error en addProduct: CustomError: Codigo de producto ya existente
error: product.controller.js - Error en addNewProduct: CustomError: CustomError: Codigo de producto ya existente
error: product.service.js - Error en addProduct: CustomError: Codigo de producto ya existente
error: product.controller.js - Error en addNewProduct: CustomError: CustomError: Codigo de producto ya existente
info: DB Conected!
info: HTTP Server Up on port 8080! (PRODUCTION)
info: Socket Server UP!
info: El usuario al que quiere cambiar la contraseña no existe
error: User not found
info: DB Conected!
info: HTTP Server Up on port 8080! (PRODUCTION)
info: DB Conected!
info: HTTP Server Up on port 8080! (PRODUCTION)
info: El usuario al que quiere cambiar la contraseña no existe
error: User not found
info: DB Conected!
info: HTTP Server Up on port 8080! (PRODUCTION)
info: El usuario al que quiere cambiar la contraseña no existe
error: User not found
info: DB Conected!
info: HTTP Server Up on port 8080! (PRODUCTION)
info: DB Conected!
info: HTTP Server Up on port 8080! (PRODUCTION)
info: DB Conected!
info: HTTP Server Up on port 8080! (PRODUCTION)
info: El usuario al que quiere cambiar la contraseña no existe
error: User not found
info: DB Conected!
info: HTTP Server Up on port 8080! (PRODUCTION)
info: El usuario al que quiere cambiar la contraseña no existe
error: User not found
info: DB Conected!
info: HTTP Server Up on port 8080! (PRODUCTION)
info: DB Conected!
info: HTTP Server Up on port 8080! (PRODUCTION)
info: El usuario al que quiere cambiar la contraseña no existe
error: User not found
info: El usuario al que quiere cambiar la contraseña no existe
error: User not found
info: El usuario al que quiere cambiar la contraseña no existe
error: User not found
info: DB Conected!
info: HTTP Server Up on port 8080! (PRODUCTION)
info: req.body.email: 
info: gom@gmail.comss
info: El usuario al que quiere cambiar la contraseña no existe
error: User not found
info: req.body.email: 
info: gom@gmail.com
info: usuario encontrado
info: DB Conected!
info: HTTP Server Up on port 8080! (PRODUCTION)
info: req.body.email: gom@gmail.com
info: usuario encontrado
info: DB Conected!
info: HTTP Server Up on port 8080! (PRODUCTION)
info: req.body.email: gom@gmail.com
info: usuario encontrado
info: DB Conected!
info: HTTP Server Up on port 8080! (PRODUCTION)
info: req.body.email: gom@gmail.com
info: usuario encontrado
info: DB Conected!
info: HTTP Server Up on port 8080! (PRODUCTION)
info: DB Conected!
info: HTTP Server Up on port 8080! (PRODUCTION)
info: req.body.email: gom@gmail.com
info: usuario encontrado
info: DB Conected!
info: HTTP Server Up on port 8080! (PRODUCTION)
info: DB Conected!
info: HTTP Server Up on port 8080! (PRODUCTION)
info: DB Conected!
info: HTTP Server Up on port 8080! (PRODUCTION)
info: DB Conected!
info: HTTP Server Up on port 8080! (PRODUCTION)
info: req.body.email: molan_24@hotmail.com
info: Envio el email de reseteo de contraseña al usuario
info: usuario encontrado
info: DB Conected!
info: HTTP Server Up on port 8080! (PRODUCTION)
info: DB Conected!
info: HTTP Server Up on port 8080! (PRODUCTION)
info: DB Conected!
info: HTTP Server Up on port 8080! (PRODUCTION)
info: DB Conected!
info: HTTP Server Up on port 8080! (PRODUCTION)
info: DB Conected!
info: HTTP Server Up on port 8080! (PRODUCTION)
info: req.body.email: molan_24@hotmail.com
info: Envio el email de reseteo de contraseña al usuario
error: session.controller.js - Error en getProducts: ReferenceError: nodemailer is not defined
info: DB Conected!
info: HTTP Server Up on port 8080! (PRODUCTION)
info: DB Conected!
info: HTTP Server Up on port 8080! (PRODUCTION)
info: req.body.email: molan_24@hotmail.com
info: Envio el email de reseteo de contraseña al usuario
error: session.controller.js - Error en getProducts: ReferenceError: env_parameters_obj is not defined
info: DB Conected!
info: HTTP Server Up on port 8080! (PRODUCTION)
info: req.body.email: molan_24@hotmail.com
info: Envio el email de reseteo de contraseña al usuario
info: configuro nodemailer
error: session.controller.js - Error en getProducts: ReferenceError: env_parameters_obj is not defined
info: DB Conected!
info: HTTP Server Up on port 8080! (PRODUCTION)
info: req.body.email: molan_24@hotmail.com
info: Envio el email de reseteo de contraseña al usuario
info: configuro nodemailer
info: usuario encontrado
info: DB Conected!
info: HTTP Server Up on port 8080! (PRODUCTION)
info: DB Conected!
info: HTTP Server Up on port 8080! (PRODUCTION)
info: DB Conected!
info: HTTP Server Up on port 8080! (PRODUCTION)
info: DB Conected!
info: HTTP Server Up on port 8080! (PRODUCTION)
info: DB Conected!
info: HTTP Server Up on port 8080! (PRODUCTION)
info: DB Conected!
info: HTTP Server Up on port 8080! (PRODUCTION)
info: DB Conected!
info: HTTP Server Up on port 8080! (PRODUCTION)
info: DB Conected!
info: HTTP Server Up on port 8080! (PRODUCTION)
info: DB Conected!
info: HTTP Server Up on port 8080! (PRODUCTION)
info: DB Conected!
info: HTTP Server Up on port 8080! (PRODUCTION)
info: DB Conected!
info: HTTP Server Up on port 8080! (PRODUCTION)
info: DB Conected!
info: HTTP Server Up on port 8080! (PRODUCTION)
info: req.body.email: molan_24@hotmail.com
info: generamos el token para el reseteo de contraseña
info: creamos el registro de reseteo en la base de datos
info: Envio el email de reseteo de contraseña al usuario
info: configuro nodemailer
info: usuario encontrado
info: DB Conected!
info: HTTP Server Up on port 8080! (PRODUCTION)
info: DB Conected!
info: HTTP Server Up on port 8080! (PRODUCTION)
info: req.body.email: molan_24@hotmail.com
info: generamos el token para el reseteo de contraseña
info: creamos el registro de reseteo en la base de datos
info: Envio el email de reseteo de contraseña al usuario
info: configuro nodemailer
info: usuario encontrado
info: DB Conected!
info: HTTP Server Up on port 8080! (PRODUCTION)
info: DB Conected!
info: HTTP Server Up on port 8080! (PRODUCTION)
info: DB Conected!
info: HTTP Server Up on port 8080! (PRODUCTION)
info: DB Conected!
info: HTTP Server Up on port 8080! (PRODUCTION)
info: DB Conected!
info: HTTP Server Up on port 8080! (PRODUCTION)
info: DB Conected!
info: HTTP Server Up on port 8080! (PRODUCTION)
info: DB Conected!
info: HTTP Server Up on port 8080! (PRODUCTION)
info: DB Conected!
info: HTTP Server Up on port 8080! (PRODUCTION)
info: req.body.email: molan_24@hotmail.com
info: generamos el token para el reseteo de contraseña
info: creamos el registro de reseteo en la base de datos
error: session.controller.js - Error en getProducts: CustomError: No estan informados todos los campos necesarios para resetear la contraseña del usuario
info: DB Conected!
info: HTTP Server Up on port 8080! (PRODUCTION)
info: req.body.email: molan_24@hotmail.com
info: generamos el token para el reseteo de contraseña
info: creamos el registro de reseteo en la base de datos
info: Envio el email de reseteo de contraseña al usuario
info: configuro nodemailer
info: usuario encontrado
info: DB Conected!
info: HTTP Server Up on port 8080! (PRODUCTION)
info: DB Conected!
info: HTTP Server Up on port 8080! (PRODUCTION)
info: req.body.email: molan_24@hotmail.com
info: usuario encontrado
info: generamos el token para el reseteo de contraseña
info: creamos el registro de reseteo en la base de datos
info: Envio el email de reseteo de contraseña al usuario
info: configuro nodemailer
info: DB Conected!
info: HTTP Server Up on port 8080! (PRODUCTION)
info: DB Conected!
info: HTTP Server Up on port 8080! (PRODUCTION)
info: DB Conected!
info: HTTP Server Up on port 8080! (PRODUCTION)
info: DB Conected!
info: HTTP Server Up on port 8080! (PRODUCTION)
info: req.body.email: molan_24@hotmail.com
info: usuario encontrado
info: generamos el token para el reseteo de contraseña
info: creamos el registro de reseteo en la base de datos
error: user.service.js - Error en addUser: CastError: Cast to date failed for value "[Function: now]" (type function) at path "createdAt"
error: session.controller.js - Error en getProducts: CustomError: Error al crear el usuario: CastError: Cast to date failed for value "[Function: now]" (type function) at path "createdAt"
info: DB Conected!
info: HTTP Server Up on port 8080! (PRODUCTION)
info: req.body.email: molan_24@hotmail.com
info: usuario encontrado
info: generamos el token para el reseteo de contraseña
info: creamos el registro de reseteo en la base de datos
error: user.service.js - Error en addUser: CastError: Cast to date failed for value "[Function: now]" (type function) at path "createdAt"
error: session.controller.js - Error en getProducts: CustomError: Error al crear el usuario: CastError: Cast to date failed for value "[Function: now]" (type function) at path "createdAt"
info: DB Conected!
info: HTTP Server Up on port 8080! (PRODUCTION)
info: req.body.email: molan_24@hotmail.com
info: usuario encontrado
info: generamos el token para el reseteo de contraseña
info: creamos el registro de reseteo en la base de datos
error: userPassword.service.j - Error en addUserToReset: CastError: Cast to date failed for value "[Function: now]" (type function) at path "createdAt"
error: session.controller.js - Error en getProducts: CustomError: Error al crear el usuario: CastError: Cast to date failed for value "[Function: now]" (type function) at path "createdAt"
info: DB Conected!
info: HTTP Server Up on port 8080! (PRODUCTION)
info: req.body.email: molan_24@hotmail.com
info: usuario encontrado
info: generamos el token para el reseteo de contraseña
info: creamos el registro de reseteo en la base de datos
error: userPassword.service.j - Error en addUserToReset: CastError: Cast to date failed for value "[Function: now]" (type function) at path "createdAt"
error: session.controller.js - Error en getProducts: CustomError: Error al crear el usuario: CastError: Cast to date failed for value "[Function: now]" (type function) at path "createdAt"
info: DB Conected!
info: HTTP Server Up on port 8080! (PRODUCTION)
info: req.body.email: molan_24@hotmail.com
info: usuario encontrado
info: generamos el token para el reseteo de contraseña
info: creamos el registro de reseteo en la base de datos
error: userPassword.service.j - Error en addUserToReset: CastError: Cast to date failed for value "[Function: now]" (type function) at path "createdAt"
error: session.controller.js - Error en getProducts: CustomError: Error al crear el usuario: CastError: Cast to date failed for value "[Function: now]" (type function) at path "createdAt"
info: DB Conected!
info: HTTP Server Up on port 8080! (PRODUCTION)
info: req.body.email: molan_24@hotmail.com
info: usuario encontrado
info: generamos el token para el reseteo de contraseña
info: creamos el registro de reseteo en la base de datos
info: Envio el email de reseteo de contraseña al usuario
info: configuro nodemailer
info: DB Conected!
info: HTTP Server Up on port 8080! (PRODUCTION)
info: req.body.email: molan_24@hotmail.com
info: usuario encontrado
info: generamos el token para el reseteo de contraseña
info: creamos el registro de reseteo en la base de datos
info: Envio el email de reseteo de contraseña al usuario
info: configuro nodemailer
info: DB Conected!
info: HTTP Server Up on port 8080! (PRODUCTION)
info: DB Conected!
info: HTTP Server Up on port 8080! (PRODUCTION)
info: DB Conected!
info: HTTP Server Up on port 8080! (PRODUCTION)
info: DB Conected!
info: HTTP Server Up on port 8080! (PRODUCTION)
info: DB Conected!
info: HTTP Server Up on port 8080! (PRODUCTION)
info: DB Conected!
info: HTTP Server Up on port 8080! (PRODUCTION)
info: req.body.email: molan_24@hotmail.com
info: usuario encontrado
info: generamos el token para el reseteo de contraseña
info: creamos el registro de reseteo en la base de datos
info: Envio el email de reseteo de contraseña al usuario
info: configuro nodemailer
error: userPassword.service.j - Error en getUserByField: TypeError: this.getUsers is not a function
info: DB Conected!
info: HTTP Server Up on port 8080! (PRODUCTION)
info: DB Conected!
info: HTTP Server Up on port 8080! (PRODUCTION)
info: DB Conected!
info: HTTP Server Up on port 8080! (PRODUCTION)
info: DB Conected!
info: HTTP Server Up on port 8080! (PRODUCTION)
info: DB Conected!
info: HTTP Server Up on port 8080! (PRODUCTION)
info: DB Conected!
info: HTTP Server Up on port 8080! (PRODUCTION)
info: DB Conected!
info: HTTP Server Up on port 8080! (PRODUCTION)
error: userPassword.service.j - Error en getUserByField: CustomError: No se encontró ningun user con token = eyJhbGciOiJIUzI1NiIsInR5cCI6IkpXVCJ9.eJ1c2VyIjoibW9sYW5fMjRAaG90bWFpbC5jb20iLCJpYXQiOjE3MDU1MjI4MTUsImV4cCI6MTcwNTYwOTIxNX0.WZ6URErXftc25KInetg0GT2Ejz2JW8nLRtLyYN0zuBo
error: session.controller.js - Error en renderResetPasswordFinalStep: CustomError: Error al realizar la solicitud de busqueda de usuarios.
info: DB Conected!
info: HTTP Server Up on port 8080! (PRODUCTION)
info: DB Conected!
info: HTTP Server Up on port 8080! (PRODUCTION)
info: DB Conected!
info: HTTP Server Up on port 8080! (PRODUCTION)
info: DB Conected!
info: HTTP Server Up on port 8080! (PRODUCTION)
info: DB Conected!
info: HTTP Server Up on port 8080! (PRODUCTION)
info: DB Conected!
info: HTTP Server Up on port 8080! (PRODUCTION)
info: DB Conected!
info: HTTP Server Up on port 8080! (PRODUCTION)
info: DB Conected!
info: HTTP Server Up on port 8080! (PRODUCTION)
info: req.body.email: molan_24@hotmail.com
info: usuario encontrado
info: generamos el token para el reseteo de contraseña
info: creamos el registro de reseteo en la base de datos
info: Envio el email de reseteo de contraseña al usuario
info: configuro nodemailer
error: userPassword.service.j - Error en getUserByField: CustomError: No se encontró ningun user con token = eyJhbGciOiJIUzI1NiIsInR5cCI6IkpXVCJ9.eyJ1c2VyIjoibW9sYW5fMjRAaG90bWFpbC5jb20iLCJpYXQiOjE3MDU1MjI4MTUsImV4cCI6MTcwNTYwOTIxNX0.WZ6URErXftc25KInetg0GT2Ejz2JW8nLRtLyYN0zuBo
error: session.controller.js - Error en renderResetPasswordFinalStep: CustomError: Error al realizar la solicitud de busqueda de usuarios.
info: DB Conected!
info: HTTP Server Up on port 8080! (PRODUCTION)
info: DB Conected!
info: HTTP Server Up on port 8080! (PRODUCTION)
info: DB Conected!
info: HTTP Server Up on port 8080! (PRODUCTION)
info: DB Conected!
info: HTTP Server Up on port 8080! (PRODUCTION)
info: DB Conected!
info: HTTP Server Up on port 8080! (PRODUCTION)
info: DB Conected!
info: HTTP Server Up on port 8080! (PRODUCTION)
info: DB Conected!
info: HTTP Server Up on port 8080! (PRODUCTION)
info: DB Conected!
info: HTTP Server Up on port 8080! (PRODUCTION)
info: DB Conected!
info: HTTP Server Up on port 8080! (PRODUCTION)
info: DB Conected!
info: HTTP Server Up on port 8080! (PRODUCTION)
info: DB Conected!
info: HTTP Server Up on port 8080! (PRODUCTION)
info: DB Conected!
info: HTTP Server Up on port 8080! (PRODUCTION)
info: DB Conected!
info: HTTP Server Up on port 8080! (PRODUCTION)
info: DB Conected!
info: HTTP Server Up on port 8080! (PRODUCTION)
info: DB Conected!
info: HTTP Server Up on port 8080! (PRODUCTION)
info: DB Conected!
info: HTTP Server Up on port 8080! (PRODUCTION)
info: session.controller.js - Actualizo la contraseña del usuario
info: session.controller.js - Elimino el registro de reseteo de usuario de la base de datos
error: userPassword.service.j - Error en deleteUser: TypeError: this.getUsers is not a function
error: session.controller.js - Error en resetPasswordFinalStep: CustomError: TypeError: this.getUsers is not a function
info: DB Conected!
info: HTTP Server Up on port 8080! (PRODUCTION)
error: userPassword.service.j - Error en getUserByField: CustomError: No se encontró ningun user con token = eyJhbGciOiJIUzI1NiIsInR5cCI6IkpXVCJ9.eyJ1c2VyIjoibW9sYW5fMjRAaG90bWFpbC5jb20iLCJpYXQiOjE3MDU1MjYzMzksImV4cCI6MTcwNTYxMjczOX0.FB1lJCGAjvThrVbCQo0jk7EOUxBymW3dhxDsmykHx8A
error: session.controller.js - Error en renderResetPasswordFinalStep: CustomError: Error al realizar la solicitud de busqueda de usuarios.
info: session.controller.js - req.body.email: molan_24@hotmail.com
info: session.controller.js - usuario encontrado
info: session.controller.js - generamos el token para el reseteo de contraseña
info: session.controller.js - creamos el registro de reseteo en la base de datos
info: session.controller.js - Envio el email de reseteo de contraseña al usuario
info: configuro nodemailer
info: session.controller.js - Actualizo la contraseña del usuario
info: session.controller.js - Elimino el registro de reseteo de usuario de la base de datos
info: DB Conected!
info: HTTP Server Up on port 8080! (PRODUCTION)
info: DB Conected!
info: HTTP Server Up on port 8080! (PRODUCTION)
info: DB Conected!
info: HTTP Server Up on port 8080! (PRODUCTION)
info: DB Conected!
info: HTTP Server Up on port 8080! (PRODUCTION)
info: DB Conected!
info: HTTP Server Up on port 8080! (PRODUCTION)
info: DB Conected!
info: HTTP Server Up on port 8080! (PRODUCTION)
info: DB Conected!
info: HTTP Server Up on port 8080! (PRODUCTION)
info: DB Conected!
info: HTTP Server Up on port 8080! (PRODUCTION)
info: DB Conected!
info: HTTP Server Up on port 8080! (PRODUCTION)
info: DB Conected!
info: HTTP Server Up on port 8080! (PRODUCTION)
info: DB Conected!
info: HTTP Server Up on port 8080! (PRODUCTION)
error: connect ECONNREFUSED 3.94.231.24:27017
error: connect ECONNREFUSED 3.94.231.24:27017
info: DB Conected!
info: HTTP Server Up on port 8080! (PRODUCTION)
info: DB Conected!
info: HTTP Server Up on port 8080! (PRODUCTION)
info: DB Conected!
info: HTTP Server Up on port 8080! (PRODUCTION)
info: session.controller.js - req.body.email: molan_24@hotmail.comwwww
info: session.controller.js - El usuario al que quiere cambiar la contraseña no existe
error: session.controller.js - User not found
info: session.controller.js - req.body.email: molan_24@hotmail.com
info: session.controller.js - usuario encontrado
info: session.controller.js - generamos el token para el reseteo de contraseña
info: session.controller.js - creamos el registro de reseteo en la base de datos
info: session.controller.js - Envio el email de reseteo de contraseña al usuario
info: configuro nodemailer
error: userPassword.service.j - Error en getUserByField: CustomError: No se encontró ningun user con token = 4eyJhbGciOiJIUzI1NiIsInR5cCI6IkpXVCJ9.eyJ1c2VyIjoibW9sYW5fMjRAaG90bWFpbC5jb20iLCJpYXQiOjE3MDU1MzA0NjAsImV4cCI6MTcwNTYxNjg2MH0.ovsosmbaz5EXn9FMfxPGknnPmvbbJJZwAGIPaFBnZLA
error: session.controller.js - Error en renderResetPasswordFinalStep: CustomError: Error al realizar la solicitud de busqueda de usuarios.
info: session.controller.js - Actualizo la contraseña del usuario
info: session.controller.js - Elimino el registro de reseteo de usuario de la base de datos
info: DB Conected!
info: HTTP Server Up on port 8080! (PRODUCTION)
info: DB Conected!
info: HTTP Server Up on port 8080! (PRODUCTION)
info: session.controller.js - req.body.email: molan_24@hotmail.com
info: session.controller.js - usuario encontrado
info: session.controller.js - generamos el token para el reseteo de contraseña
info: session.controller.js - creamos el registro de reseteo en la base de datos
info: session.controller.js - Envio el email de reseteo de contraseña al usuario
info: resetPasswordEmail.js - configuro nodemailer
info: DB Conected!
info: HTTP Server Up on port 8080! (PRODUCTION)
info: session.controller.js - req.body.email: molan_24@hotmail.com
info: session.controller.js - usuario encontrado
info: session.controller.js - generamos el token para el reseteo de contraseña
info: session.controller.js - creamos el registro de reseteo en la base de datos
info: session.controller.js - Envio el email de reseteo de contraseña al usuario
info: resetPasswordEmail.js - configuro nodemailer
info: DB Conected!
info: HTTP Server Up on port 8080! (PRODUCTION)
info: DB Conected!
info: HTTP Server Up on port 8080! (PRODUCTION)
info: session.controller.js - req.body.email: molan_24@hotmail.com
info: session.controller.js - usuario encontrado
info: session.controller.js - generamos el token para el reseteo de contraseña
info: session.controller.js - creamos el registro de reseteo en la base de datos
info: session.controller.js - Envio el email de reseteo de contraseña al usuario
info: resetPasswordEmail.js - configuro nodemailer
info: DB Conected!
info: HTTP Server Up on port 8080! (PRODUCTION)
info: DB Conected!
info: HTTP Server Up on port 8080! (PRODUCTION)
info: DB Conected!
info: HTTP Server Up on port 8080! (PRODUCTION)
info: DB Conected!
info: HTTP Server Up on port 8080! (PRODUCTION)
info: session.controller.js - req.body.email: molan_24@hotmail.com
info: session.controller.js - usuario encontrado
info: session.controller.js - generamos el token para el reseteo de contraseña
info: session.controller.js - creamos el registro de reseteo en la base de datos
info: session.controller.js - Envio el email de reseteo de contraseña al usuario
info: resetPasswordEmail.js - configuro nodemailer
info: DB Conected!
info: HTTP Server Up on port 8080! (PRODUCTION)
info: session.controller.js - Actualizo la contraseña del usuario
info: session.controller.js - Elimino el registro de reseteo de usuario de la base de datos
info: DB Conected!
info: HTTP Server Up on port 8080! (PRODUCTION)
info: session.controller.js - req.body.email: molan_24@hotmail.com
info: session.controller.js - usuario encontrado
info: session.controller.js - generamos el token para el reseteo de contraseña
info: session.controller.js - creamos el registro de reseteo en la base de datos
info: session.controller.js - Envio el email de reseteo de contraseña al usuario
info: resetPasswordEmail.js - configuro nodemailer
info: DB Conected!
info: HTTP Server Up on port 8080! (PRODUCTION)
info: session.controller.js - Actualizo la contraseña del usuario
info: session.controller.js - Elimino el registro de reseteo de usuario de la base de datos
info: DB Conected!
info: HTTP Server Up on port 8080! (PRODUCTION)
info: session.controller.js - req.body.email: molan_24@hotmail.com
info: session.controller.js - usuario encontrado
info: session.controller.js - generamos el token para el reseteo de contraseña
info: session.controller.js - creamos el registro de reseteo en la base de datos
info: session.controller.js - Envio el email de reseteo de contraseña al usuario
info: resetPasswordEmail.js - configuro nodemailer
info: session.controller.js - Actualizo la contraseña del usuario
info: session.controller.js - Elimino el registro de reseteo de usuario de la base de datos
info: DB Conected!
info: HTTP Server Up on port 8080! (PRODUCTION)
info: DB Conected!
info: HTTP Server Up on port 8080! (PRODUCTION)
info: DB Conected!
info: HTTP Server Up on port 8080! (PRODUCTION)
info: session.controller.js - req.body.email: molan_24@hotmail.com
info: session.controller.js - usuario encontrado
info: session.controller.js - generamos el token para el reseteo de contraseña
info: session.controller.js - creamos el registro de reseteo en la base de datos
info: session.controller.js - Envio el email de reseteo de contraseña al usuario
info: resetPasswordEmail.js - configuro nodemailer
info: session.controller.js - Obtengo el usuario de la base de datos y valido que la nueva contraseña sea distinta
info: session.controller.js - Obtengo el usuario de la base de datos y valido que la nueva contraseña sea distinta
info: session.controller.js - Actualizo la contraseña del usuario
info: session.controller.js - Elimino el registro de reseteo de usuario de la base de datos
info: DB Conected!
info: HTTP Server Up on port 8080! (PRODUCTION)
error: userPassword.service.j - Error en getUserByField: CustomError: No se encontró ningun user con token = eyJhbGciOiJIUzI1NiIsInR5cCI6IkpXVCJ9.eyJ1c2VyIjoibW9sYW5fMjRAaG90bWFpbC5jb20iLCJpYXQiOjE3MDU1MzQ0NTMsImV4cCI6MTcwNTYyMDg1M30.doMwUoSp6IE5vHWRpH1PioodZPouw1LrxC90DYO0fII
error: session.controller.js - Error en renderResetPasswordFinalStep: CustomError: Error al realizar la solicitud de busqueda de usuarios.
info: DB Conected!
info: HTTP Server Up on port 8080! (PRODUCTION)
error: No se encontró ningun user con token = eyJhbGciOiJIUzI1NiIsInR5cCI6IkpXVCJ9.eyJ1c2VyIjoibW9sYW5fMjRAaG90bWFpbC5jb20iLCJpYXQiOjE3MDU1MzQ0NTMsImV4cCI6MTcwNTYyMDg1M30.doMwUoSp6IE5vHWRpH1PioodZPouw1LrxC90DYO0fII
info: DB Conected!
info: HTTP Server Up on port 8080! (PRODUCTION)
error: No se encontró ningun user con token = eyJhbGciOiJIUzI1NiIsInR5cCI6IkpXVCJ9.eyJ1c2VyIjoibW9sYW5fMjRAaG90bWFpbC5jb20iLCJpYXQiOjE3MDU1MzQ0NTMsImV4cCI6MTcwNTYyMDg1M30.doMwUoSp6IE5vHWRpH1PioodZPouw1LrxC90DYO0fII
error: session.controller.js - Error en renderResetPasswordFinalStep: El token a expirado o es erroneo. Por favor intente nuevamente
error: session.controller.js - Error en renderResetPasswordFinalStep: TypeError [ERR_INVALID_ARG_TYPE]: The "path" argument must be of type string. Received function resetPassword
error: No se encontró ningun user con token = eyJhbGciOiJIUzI1NiIsInR5cCI6IkpXVCJ9.eyJ1c2VyIjoibW9sYW5fMjRAaG90bWFpbC5jb20iLCJpYXQiOjE3MDU1MzQ0NTMsImV4cCI6MTcwNTYyMDg1M30.doMwUoSp6IE5vHWRpH1PioodZPouw1LrxC90DYO0fII
error: session.controller.js - Error en renderResetPasswordFinalStep: El token a expirado o es erroneo. Por favor intente nuevamente
error: session.controller.js - Error en renderResetPasswordFinalStep: TypeError [ERR_INVALID_ARG_TYPE]: The "path" argument must be of type string. Received function resetPassword
info: DB Conected!
info: HTTP Server Up on port 8080! (PRODUCTION)
info: DB Conected!
info: HTTP Server Up on port 8080! (PRODUCTION)
error: No se encontró ningun user con token = eyJhbGciOiJIUzI1NiIsInR5cCI6IkpXVCJ9.eyJ1c2VyIjoibW9sYW5fMjRAaG90bWFpbC5jb20iLCJpYXQiOjE3MDU1MzQ0NTMsImV4cCI6MTcwNTYyMDg1M30.doMwUoSp6IE5vHWRpH1PioodZPouw1LrxC90DYO0fII
error: session.controller.js - Error en renderResetPasswordFinalStep: El token a expirado o es erroneo. Por favor intente nuevamente
error: session.controller.js - Error en renderResetPasswordFinalStep: TypeError: Cannot read properties of undefined (reading 'send')
info: middleware errores
error: undefined
info: DB Conected!
info: HTTP Server Up on port 8080! (PRODUCTION)
error: No se encontró ningun user con token = eyJhbGciOiJIUzI1NiIsInR5cCI6IkpXVCJ9.eyJ1c2VyIjoibW9sYW5fMjRAaG90bWFpbC5jb20iLCJpYXQiOjE3MDU1MzQ0NTMsImV4cCI6MTcwNTYyMDg1M30.doMwUoSp6IE5vHWRpH1PioodZPouw1LrxC90DYO0fII
error: session.controller.js - Error en renderResetPasswordFinalStep: El token a expirado o es erroneo. Por favor intente nuevamente
error: No se encontró ningun user con token = eyJhbGciOiJIUzI1NiIsInR5cCI6IkpXVCJ9.eyJ1c2VyIjoibW9sYW5fMjRAaG90bWFpbC5jb20iLCJpYXQiOjE3MDU1MzQ0NTMsImV4cCI6MTcwNTYyMDg1M30.doMwUoSp6IE5vHWRpH1PioodZPouw1LrxC90DYO0fII
error: session.controller.js - Error en renderResetPasswordFinalStep: El token a expirado o es erroneo. Por favor intente nuevamente
error: No se encontró ningun user con token = eyJhbGciOiJIUzI1NiIsInR5cCI6IkpXVCJ9.eyJ1c2VyIjoibW9sYW5fMjRAaG90bWFpbC5jb20iLCJpYXQiOjE3MDU1MzQ0NTMsImV4cCI6MTcwNTYyMDg1M30.doMwUoSp6IE5vHWRpH1PioodZPouw1LrxC90DYO0fII
error: session.controller.js - Error en renderResetPasswordFinalStep: El token a expirado o es erroneo. Por favor intente nuevamente
error: No se encontró ningun user con token = eyJhbGciOiJIUzI1NiIsInR5cCI6IkpXVCJ9.eyJ1c2VyIjoibW9sYW5fMjRAaG90bWFpbC5jb20iLCJpYXQiOjE3MDU1MzQ0NTMsImV4cCI6MTcwNTYyMDg1M30.doMwUoSp6IE5vHWRpH1PioodZPouw1LrxC90DYO0fII
error: session.controller.js - Error en renderResetPasswordFinalStep: El token a expirado o es erroneo. Por favor intente nuevamente
info: DB Conected!
info: HTTP Server Up on port 8080! (PRODUCTION)
info: DB Conected!
info: HTTP Server Up on port 8080! (PRODUCTION)
info: DB Conected!
info: HTTP Server Up on port 8080! (PRODUCTION)
info: DB Conected!
info: HTTP Server Up on port 8080! (PRODUCTION)
info: DB Conected!
info: HTTP Server Up on port 8080! (PRODUCTION)
info: DB Conected!
info: HTTP Server Up on port 8080! (PRODUCTION)
info: DB Conected!
info: HTTP Server Up on port 8080! (PRODUCTION)
info: DB Conected!
info: HTTP Server Up on port 8080! (PRODUCTION)
debug: [object Object]
info: DB Conected!
info: HTTP Server Up on port 8080! (PRODUCTION)
info: DB Conected!
info: HTTP Server Up on port 8080! (PRODUCTION)
info: DB Conected!
info: HTTP Server Up on port 8080! (PRODUCTION)
info: Socket Server UP!
info: Socket Server UP!
info: Socket Server UP!
info: DB Conected!
info: HTTP Server Up on port 8080! (PRODUCTION)
info: Socket Server UP!
info: DB Conected!
info: HTTP Server Up on port 8080! (PRODUCTION)
info: Socket Server UP!
debug: product.controller.js - user: molan_24@hotmail.com
info: DB Conected!
info: HTTP Server Up on port 8080! (PRODUCTION)
info: Socket Server UP!
info: DB Conected!
info: HTTP Server Up on port 8080! (PRODUCTION)
info: Socket Server UP!
info: DB Conected!
info: HTTP Server Up on port 8080! (PRODUCTION)
info: Socket Server UP!
info: DB Conected!
info: HTTP Server Up on port 8080! (PRODUCTION)
info: Socket Server UP!
info: session.controller.js - req.body.email: molan_24@hotmail.comffff
info: session.controller.js - El usuario al que quiere cambiar la contraseña no existe
error: session.controller.js - User not found
info: session.controller.js - req.body.email: molan_24@hotmail.com
info: session.controller.js - usuario encontrado
info: session.controller.js - generamos el token para el reseteo de contraseña
info: session.controller.js - creamos el registro de reseteo en la base de datos
info: session.controller.js - Envio el email de reseteo de contraseña al usuario
info: resetPasswordEmail.js - configuro nodemailer
error: No se encontró ningun user con token = e5yJhbGciOiJIUzI1NiIsInR5cCI6IkpXVCJ9.eyJ1c2VyIjoibW9sYW5fMjRAaG90bWFpbC5jb20iLCJpYXQiOjE3MDU1Mzg5MjQsImV4cCI6MTcwNTYyNTMyNH0.h1TI6Ymz8H3ZsISTjB32wucaUL5Z6AbaWspFbAIycDw
error: session.controller.js - Error en renderResetPasswordFinalStep: El token a expirado o es erroneo. Por favor intente nuevamente
info: session.controller.js - Obtengo el usuario de la base de datos y valido que la nueva contraseña sea distinta
info: session.controller.js - Obtengo el usuario de la base de datos y valido que la nueva contraseña sea distinta
info: session.controller.js - Actualizo la contraseña del usuario
info: session.controller.js - Elimino el registro de reseteo de usuario de la base de datos
info: Socket Server UP!
debug: product.controller.js - user: molan_24@hotmail.com
error: product.controller.js - No es posible crear productos si tu rol es: premium
debug: product.controller.js - user: molan_24@hotmail.com
error: product.controller.js - No es posible crear productos si tu rol es: premium
info: DB Conected!
info: HTTP Server Up on port 8080! (PRODUCTION)
info: Socket Server UP!
info: DB Conected!
info: HTTP Server Up on port 8080! (PRODUCTION)
info: Socket Server UP!
debug: product.controller.js - user: molan_24@hotmail.com
info: DB Conected!
info: HTTP Server Up on port 8080! (PRODUCTION)
info: Socket Server UP!
info: Socket Server UP!
info: Socket Server UP!
info: Socket Server UP!
info: Socket Server UP!
info: Socket Server UP!
info: Socket Server UP!
info: Socket Server UP!
debug: product.controller.js - user: adminCoder@coder.com
info: Socket Server UP!
error: product.controller.js - No es posible eliminar un producto del cual no eres owner
info: DB Conected!
info: HTTP Server Up on port 8080! (PRODUCTION)
info: Socket Server UP!
info: DB Conected!
info: HTTP Server Up on port 8080! (PRODUCTION)
info: Socket Server UP!
info: Socket Server UP!
error: product.controller.js - No es posible eliminar un producto del cual no eres owner
info: DB Conected!
info: HTTP Server Up on port 8080! (PRODUCTION)
error: product.controller.js - No es posible eliminar un producto del cual no eres owner
error: product.controller.js - Error en deleteProductById: ReferenceError: EErros is not defined
info: Socket Server UP!
info: Socket Server UP!
error: product.controller.js - No es posible eliminar un producto del cual no eres owner
error: product.controller.js - Error en deleteProductById: ReferenceError: EErros is not defined
info: DB Conected!
info: HTTP Server Up on port 8080! (PRODUCTION)
error: product.controller.js - No es posible eliminar un producto del cual no eres owner
error: product.controller.js - Error en deleteProductById: ReferenceError: EErros is not defined
info: Socket Server UP!
info: DB Conected!
info: HTTP Server Up on port 8080! (PRODUCTION)
info: Socket Server UP!
info: Socket Server UP!
error: product.controller.js - No es posible eliminar un producto del cual no eres owner
error: product.controller.js - Error en deleteProductById: ReferenceError: EErros is not defined
info: DB Conected!
info: HTTP Server Up on port 8080! (PRODUCTION)
info: Socket Server UP!
error: product.controller.js - No es posible eliminar un producto del cual no eres owner
error: product.controller.js - Error en deleteProductById: ReferenceError: EErros is not defined
info: Socket Server UP!
info: DB Conected!
info: HTTP Server Up on port 8080! (PRODUCTION)
info: Socket Server UP!
info: Socket Server UP!
info: DB Conected!
info: HTTP Server Up on port 8080! (PRODUCTION)
info: Socket Server UP!
info: Socket Server UP!
error: product.controller.js - No es posible eliminar un producto del cual no eres owner
error: product.controller.js - Error en deleteProductById: ReferenceError: EErros is not defined
info: DB Conected!
info: HTTP Server Up on port 8080! (PRODUCTION)
info: Socket Server UP!
error: product.controller.js - No es posible eliminar un producto del cual no eres owner
error: product.controller.js - Error en deleteProductById: ReferenceError: EErros is not defined
info: DB Conected!
info: HTTP Server Up on port 8080! (PRODUCTION)
info: Socket Server UP!
info: Socket Server UP!
error: product.controller.js - No es posible eliminar un producto del cual no eres owner
error: product.controller.js - Error en deleteProductById: ReferenceError: EErros is not defined
info: DB Conected!
info: HTTP Server Up on port 8080! (PRODUCTION)
info: Socket Server UP!
error: product.controller.js - No es posible eliminar un producto del cual no eres owner
error: product.controller.js - Error en deleteProductById: ReferenceError: EErros is not defined
info: DB Conected!
info: HTTP Server Up on port 8080! (PRODUCTION)
info: Socket Server UP!
info: Socket Server UP!
error: product.controller.js - No es posible eliminar un producto del cual no eres owner
error: product.controller.js - Error en deleteProductById: ReferenceError: EErros is not defined
info: DB Conected!
info: HTTP Server Up on port 8080! (PRODUCTION)
info: Socket Server UP!
error: product.controller.js - No es posible eliminar un producto del cual no eres owner
error: product.controller.js - Error en deleteProductById: ReferenceError: EErros is not defined
info: DB Conected!
info: HTTP Server Up on port 8080! (PRODUCTION)
info: Socket Server UP!
error: product.controller.js - No es posible eliminar un producto del cual no eres owner
error: product.controller.js - Error en deleteProductById: ReferenceError: EErros is not defined
info: DB Conected!
info: HTTP Server Up on port 8080! (PRODUCTION)
info: Socket Server UP!
info: Socket Server UP!
error: product.controller.js - No es posible eliminar un producto del cual no eres owner
error: product.controller.js - Error en deleteProductById: ReferenceError: EErros is not defined
info: DB Conected!
info: HTTP Server Up on port 8080! (PRODUCTION)
info: Socket Server UP!
error: product.controller.js - No es posible eliminar un producto del cual no eres owner
error: product.controller.js - Error en deleteProductById: ReferenceError: EErros is not defined
info: DB Conected!
info: HTTP Server Up on port 8080! (PRODUCTION)
info: Socket Server UP!
info: Socket Server UP!
info: Socket Server UP!
error: product.controller.js - No es posible eliminar un producto del cual no eres owner
error: product.controller.js - Error en deleteProductById: ReferenceError: EErros is not defined
info: Socket Server UP!
info: Socket Server UP!
debug: product.controller.js - user: molan_24@hotmail.com
error: product.controller.js - No es posible eliminar un producto del cual no eres owner
error: product.controller.js - Error en deleteProductById: ReferenceError: EErros is not defined
info: DB Conected!
info: HTTP Server Up on port 8080! (PRODUCTION)
info: Socket Server UP!
info: Socket Server UP!
info: Socket Server UP!
info: DB Conected!
info: HTTP Server Up on port 8080! (PRODUCTION)
info: Socket Server UP!
info: DB Conected!
info: HTTP Server Up on port 8080! (PRODUCTION)
info: Socket Server UP!
info: Socket Server UP!
debug: product.controller.js - user: molan_24@hotmail.com
info: cart.controller.js - addProductsToCartById: chequeo que el producto no sea del mismo owner que lo quiere agregar
error: cart.controller.js - No es posible agregar un producto a tu carrito del cual eres owner
info: undefined
info: cart.controller.js - addProductsToCartById: chequeo que el producto no sea del mismo owner que lo quiere agregar
info: cart.controller.js - addProductsToCartById: procedo a añadir el producto al carrito
info: Socket Server UP!
info: cart.controller.js - addProductsToCartById: chequeo que el producto no sea del mismo owner que lo quiere agregar
error: cart.controller.js - No es posible agregar un producto a tu carrito del cual eres owner
info: undefined
info: DB Conected!
info: HTTP Server Up on port 8080! (PRODUCTION)
info: cart.controller.js - addProductsToCartById: chequeo que el producto no sea del mismo owner que lo quiere agregar
error: cart.controller.js - No es posible agregar un producto a tu carrito del cual eres owner
info: undefined
info: DB Conected!
info: HTTP Server Up on port 8080! (PRODUCTION)
info: cart.controller.js - addProductsToCartById: chequeo que el producto no sea del mismo owner que lo quiere agregar
error: cart.controller.js - No es posible agregar un producto a tu carrito del cual eres owner
info: undefined
info: cart.controller.js - addProductsToCartById: chequeo que el producto no sea del mismo owner que lo quiere agregar
error: cart.controller.js - No es posible agregar un producto a tu carrito del cual eres owner
info: undefined
info: DB Conected!
info: HTTP Server Up on port 8080! (PRODUCTION)
info: cart.controller.js - addProductsToCartById: chequeo que el producto no sea del mismo owner que lo quiere agregar
error: cart.controller.js - No es posible agregar un producto a tu carrito del cual eres owner
info: undefined
info: DB Conected!
info: HTTP Server Up on port 8080! (PRODUCTION)
info: DB Conected!
info: HTTP Server Up on port 8080! (PRODUCTION)
info: cart.controller.js - addProductsToCartById: chequeo que el producto no sea del mismo owner que lo quiere agregar
error: cart.controller.js - No es posible agregar un producto a tu carrito del cual eres owner
info: DB Conected!
info: HTTP Server Up on port 8080! (PRODUCTION)
info: cart.controller.js - addProductsToCartById: chequeo que el producto no sea del mismo owner que lo quiere agregar
error: cart.controller.js - No es posible agregar un producto a tu carrito del cual eres owner
info: Socket Server UP!
error: product.controller.js - No es posible eliminar un producto del cual no eres owner
error: product.controller.js - Error en deleteProductById: ReferenceError: EErros is not defined
info: DB Conected!
info: HTTP Server Up on port 8080! (PRODUCTION)
info: Socket Server UP!
info: DB Conected!
info: HTTP Server Up on port 8080! (PRODUCTION)
info: Socket Server UP!
error: product.controller.js - No es posible eliminar un producto del cual no eres owner
error: product.controller.js - No es posible eliminar un producto del cual no eres owner
info: Socket Server UP!
info: Socket Server UP!
info: DB Conected!
info: HTTP Server Up on port 8080! (PRODUCTION)
info: Socket Server UP!
info: Socket Server UP!
info: DB Conected!
info: HTTP Server Up on port 8080! (PRODUCTION)
info: Socket Server UP!
info: Socket Server UP!
info: DB Conected!
info: HTTP Server Up on port 8080! (PRODUCTION)
info: DB Conected!
info: HTTP Server Up on port 8080! (PRODUCTION)
info: DB Conected!
info: HTTP Server Up on port 8080! (PRODUCTION)
info: DB Conected!
info: HTTP Server Up on port 8080! (PRODUCTION)
info: DB Conected!
info: HTTP Server Up on port 8080! (PRODUCTION)
info: middleware errores
error: undefined
info: middleware errores
error: undefined
info: DB Conected!
info: HTTP Server Up on port 8080! (PRODUCTION)
info: middleware errores
error: undefined
info: DB Conected!
info: HTTP Server Up on port 8080! (PRODUCTION)
info: DB Conected!
info: HTTP Server Up on port 8080! (PRODUCTION)
info: DB Conected!
info: HTTP Server Up on port 8080! (PRODUCTION)
info: DB Conected!
info: HTTP Server Up on port 8080! (PRODUCTION)
info: DB Conected!
info: HTTP Server Up on port 8080! (PRODUCTION)
info: DB Conected!
info: HTTP Server Up on port 8080! (PRODUCTION)
info: DB Conected!
info: HTTP Server Up on port 8080! (PRODUCTION)
info: DB Conected!
info: HTTP Server Up on port 8080! (PRODUCTION)
info: DB Conected!
info: HTTP Server Up on port 8080! (PRODUCTION)
info: DB Conected!
info: HTTP Server Up on port 8080! (PRODUCTION)
info: DB Conected!
info: HTTP Server Up on port 8080! (PRODUCTION)
error: user.service.js - Error en updateUserRole: ReferenceError: req is not defined
error: session.controller.js - Error en changeUserRole: CustomError: Error al updatear el usuario: ReferenceError: req is not defined
error: user.service.js - Error en updateUserRole: ReferenceError: req is not defined
error: session.controller.js - Error en changeUserRole: CustomError: Error al updatear el usuario: ReferenceError: req is not defined
info: DB Conected!
info: HTTP Server Up on port 8080! (PRODUCTION)
info: modifico el rol del usuario
info: DB Conected!
info: HTTP Server Up on port 8080! (PRODUCTION)
info: modifico el rol del usuario
info: modifico el rol del usuario
info: modifico el rol del usuario
info: DB Conected!
info: HTTP Server Up on port 8080! (PRODUCTION)
info: DB Conected!
info: HTTP Server Up on port 8080! (PRODUCTION)
info: modifico el rol del usuario
info: modifico el rol del usuario
info: modifico el rol del usuario
info: modifico el rol del usuario
info: modifico el rol del usuario
