{"level":"info","message":"DB Conected!"}
{"level":"info","message":"HTTP Server Up on port 8080! (PRODUCTION)"}
{"level":"info","message":"DB Conected!"}
{"level":"info","message":"HTTP Server Up on port 8080! (PRODUCTION)"}
{"level":"info","message":"DB Conected!"}
{"level":"info","message":"HTTP Server Up on port 8080! (PRODUCTION)"}
{"level":"info","message":"DB Conected!"}
{"level":"info","message":"HTTP Server Up on port 8080! (PRODUCTION)"}
{"level":"info","message":"DB Conected!"}
{"level":"info","message":"HTTP Server Up on port 8080! (PRODUCTION)"}
{"level":"info","message":"DB Conected!"}
{"level":"info","message":"HTTP Server Up on port 8080! (PRODUCTION)"}
{"level":"info","message":"DB Conected!"}
{"level":"info","message":"HTTP Server Up on port 8080! (PRODUCTION)"}
{"level":"info","message":"DB Conected!"}
{"level":"info","message":"HTTP Server Up on port 8080! (PRODUCTION)"}
{"level":"info","message":"DB Conected!"}
{"level":"info","message":"HTTP Server Up on port 8080! (PRODUCTION)"}
{"level":"info","message":"DB Conected!"}
{"level":"info","message":"HTTP Server Up on port 8080! (PRODUCTION)"}
{"level":"info","message":"DB Conected!"}
{"level":"info","message":"HTTP Server Up on port 8080! (PRODUCTION)"}
{"level":"info","message":"DB Conected!"}
{"level":"info","message":"HTTP Server Up on port 8080! (PRODUCTION)"}
{"level":"info","message":"Socket Server UP!"}
{"level":"info","message":"Socket Server UP!"}
{"level":"info","message":"DB Conected!"}
{"level":"info","message":"HTTP Server Up on port 8080! (PRODUCTION)"}
{"level":"info","message":"DB Conected!"}
{"level":"info","message":"HTTP Server Up on port 8080! (PRODUCTION)"}
{"level":"debug","message":"Test de logger debug"}
{"level":"http","message":"Test de logger http"}
{"level":"info","message":"Test de logger info"}
{"level":"warning","message":"Test de logger warning"}
{"level":"error","message":"Test de logger error"}
[34minfo[39m: DB Conected!
[34minfo[39m: HTTP Server Up on port 8080! (PRODUCTION)
[37mdebug[39m: Test de logger debug
[32mhttp[39m: Test de logger http
[34minfo[39m: Test de logger info
[33mwarning[39m: Test de logger warning
[35merror[39m: Test de logger error
info: DB Conected!
info: HTTP Server Up on port 8080! (PRODUCTION)
debug: Test de logger debug
http: Test de logger http
info: Test de logger info
warning: Test de logger warning
error: Test de logger error
info: DB Conected!
info: HTTP Server Up on port 8080! (PRODUCTION)
info: DB Conected!
info: HTTP Server Up on port 8080! (PRODUCTION)
info: DB Conected!
info: HTTP Server Up on port 8080! (PRODUCTION)
debug: Test de logger debug
http: Test de logger http
info: Test de logger info
warning: Test de logger warning
error: Test de logger error
debug: Test de logger debug
http: Test de logger http
info: Test de logger info
warning: Test de logger warning
error: Test de logger error
info: DB Conected!
info: HTTP Server Up on port 8080! (PRODUCTION)
info: DB Conected!
info: HTTP Server Up on port 8080! (PRODUCTION)
info: DB Conected!
info: HTTP Server Up on port 8080! (PRODUCTION)
info: DB Conected!
info: HTTP Server Up on port 8080! (PRODUCTION)
info: DB Conected!
info: HTTP Server Up on port 8080! (PRODUCTION)
info: DB Conected!
info: HTTP Server Up on port 8080! (PRODUCTION)
info: DB Conected!
info: HTTP Server Up on port 8080! (PRODUCTION)
debug: Test de logger debug
http: Test de logger http
info: Test de logger info
warning: Test de logger warning
error: Test de logger error
info: DB Conected!
info: HTTP Server Up on port 8080! (PRODUCTION)
info: toy en el home
info: DB Conected!
info: HTTP Server Up on port 8080! (PRODUCTION)
info: DB Conected!
info: HTTP Server Up on port 8080! (PRODUCTION)
info: DB Conected!
info: HTTP Server Up on port 8080! (PRODUCTION)
info: toy
info: Socket Server UP!
info: DB Conected!
info: HTTP Server Up on port 8080! (PRODUCTION)
info: Socket Server UP!
info: toy: GET
info: Socket Server UP!
info: DB Conected!
info: HTTP Server Up on port 8080! (PRODUCTION)
info: [object Object]
info: Socket Server UP!
info: DB Conected!
info: HTTP Server Up on port 8080! (PRODUCTION)
info: Socket Server UP!
info: [object Object]
info: Socket Server UP!
info: DB Conected!
info: HTTP Server Up on port 8080! (PRODUCTION)
info: Socket Server UP!
info: undefined
info: Socket Server UP!
info: DB Conected!
info: HTTP Server Up on port 8080! (PRODUCTION)
info: Socket Server UP!
info: DB Conected!
info: HTTP Server Up on port 8080! (PRODUCTION)
info: Socket Server UP!
info: DB Conected!
info: HTTP Server Up on port 8080! (PRODUCTION)
info: Socket Server UP!
info: DB Conected!
info: HTTP Server Up on port 8080! (PRODUCTION)
info: Socket Server UP!
info: DB Conected!
info: HTTP Server Up on port 8080! (PRODUCTION)
info: Socket Server UP!
info: DB Conected!
info: HTTP Server Up on port 8080! (PRODUCTION)
info: Socket Server UP!
info: DB Conected!
info: HTTP Server Up on port 8080! (PRODUCTION)
info: Socket Server UP!
info: DB Conected!
info: HTTP Server Up on port 8080! (PRODUCTION)
info: Socket Server UP!
info: DB Conected!
info: HTTP Server Up on port 8080! (PRODUCTION)
info: Socket Server UP!
info: DB Conected!
info: HTTP Server Up on port 8080! (PRODUCTION)
info: Socket Server UP!
info: DB Conected!
info: HTTP Server Up on port 8080! (PRODUCTION)
info: Socket Server UP!
info: Socket Server UP!
info: Socket Server UP!
info: DB Conected!
info: HTTP Server Up on port 8080! (PRODUCTION)
info: Socket Server UP!
info: DB Conected!
info: HTTP Server Up on port 8080! (PRODUCTION)
info: Socket Server UP!
info: DB Conected!
info: HTTP Server Up on port 8080! (PRODUCTION)
info: Socket Server UP!
info: DB Conected!
info: HTTP Server Up on port 8080! (PRODUCTION)
info: Socket Server UP!
info: DB Conected!
info: HTTP Server Up on port 8080! (PRODUCTION)
info: Socket Server UP!
info: DB Conected!
info: HTTP Server Up on port 8080! (PRODUCTION)
info: Socket Server UP!
info: pasoporaca
info: DB Conected!
info: HTTP Server Up on port 8080! (PRODUCTION)
info: Socket Server UP!
info: pasoporaca
info: y luego paso por aca
info: DB Conected!
info: HTTP Server Up on port 8080! (PRODUCTION)
info: Socket Server UP!
info: y luego paso por aca
info: pasoporaca
info: DB Conected!
info: HTTP Server Up on port 8080! (PRODUCTION)
info: Socket Server UP!
info: y luego paso por aca
info: pasoporaca
info: DB Conected!
info: HTTP Server Up on port 8080! (PRODUCTION)
info: pasoporaca
info: y luego paso por aca
info: DB Conected!
info: HTTP Server Up on port 8080! (PRODUCTION)
info: pasoporaca
info: y luego paso por aca
info: DB Conected!
info: HTTP Server Up on port 8080! (PRODUCTION)
info: y luego paso por aca
info: y luego paso por aca
info: y luego paso por aca
info: y luego paso por aca
info: DB Conected!
info: HTTP Server Up on port 8080! (PRODUCTION)
info: Socket Server UP!
info: DB Conected!
info: HTTP Server Up on port 8080! (PRODUCTION)
info: DB Conected!
info: HTTP Server Up on port 8080! (PRODUCTION)
error: cart.service.js - Error al leer la persistencia
error: cart.service.js - Error al leer la persistencia
error: cart.service.js - Error al leer la persistencia
error: cart.service.js - Error al leer la persistencia
error: cart.service.js - Error al leer la persistencia
info: DB Conected!
info: HTTP Server Up on port 8080! (PRODUCTION)
error: cart.service.js - Error al leer la persistencia
error: cart.service.js - Error al leer la persistencia
error: cart.service.js - Error al leer la persistencia
error: cart.service.js - Error al leer la persistencia
error: cart.service.js - Error al leer la persistencia
info: DB Conected!
info: HTTP Server Up on port 8080! (PRODUCTION)
error: cart.service.js - Error al leer la persistencia
error: cart.service.js - Error al leer la persistencia
error: cart.service.js - Error al leer la persistencia
error: cart.service.js - Error al leer la persistencia
error: cart.service.js - Error al leer la persistencia
info: DB Conected!
info: HTTP Server Up on port 8080! (PRODUCTION)
info: Socket Server UP!
info: Socket Server UP!
info: Socket Server UP!
error: cart.service.js - Error al leer la persistencia
error: cart.service.js - Error al leer la persistencia
error: cart.service.js - Error al leer la persistencia
error: cart.service.js - Error al leer la persistencia
error: cart.service.js - Error al leer la persistencia
info: DB Conected!
info: HTTP Server Up on port 8080! (PRODUCTION)
error: cart.service.js - Error al leer la persistencia
error: cart.service.js - Error al leer la persistencia: TypeError: DAOdb is not a constructor
error: cart.service.js - Error al leer la persistencia: TypeError: DAOdb is not a constructor
error: cart.service.js - Error al leer la persistencia: MissingSchemaError: Schema hasn't been registered for model "undefined".
Use mongoose.model(name, schema)
info: DB Conected!
info: HTTP Server Up on port 8080! (PRODUCTION)
info: DB Conected!
info: HTTP Server Up on port 8080! (PRODUCTION)
info: DB Conected!
info: HTTP Server Up on port 8080! (PRODUCTION)
info: DB Conected!
info: HTTP Server Up on port 8080! (PRODUCTION)
info: DB Conected!
info: HTTP Server Up on port 8080! (PRODUCTION)
info: DB Conected!
info: HTTP Server Up on port 8080! (PRODUCTION)
info: DB Conected!
info: HTTP Server Up on port 8080! (PRODUCTION)
info: DB Conected!
info: HTTP Server Up on port 8080! (PRODUCTION)
info: DB Conected!
info: HTTP Server Up on port 8080! (PRODUCTION)
info: DB Conected!
info: HTTP Server Up on port 8080! (PRODUCTION)
info: DB Conected!
info: HTTP Server Up on port 8080! (PRODUCTION)
info: DB Conected!
info: HTTP Server Up on port 8080! (PRODUCTION)
info: DB Conected!
info: HTTP Server Up on port 8080! (PRODUCTION)
info: DB Conected!
info: HTTP Server Up on port 8080! (PRODUCTION)
info: DB Conected!
info: HTTP Server Up on port 8080! (PRODUCTION)
info: DB Conected!
info: HTTP Server Up on port 8080! (PRODUCTION)
info: DB Conected!
info: HTTP Server Up on port 8080! (PRODUCTION)
info: DB Conected!
info: HTTP Server Up on port 8080! (PRODUCTION)
info: DB Conected!
info: HTTP Server Up on port 8080! (PRODUCTION)
info: DB Conected!
info: HTTP Server Up on port 8080! (PRODUCTION)
info: DB Conected!
info: HTTP Server Up on port 8080! (PRODUCTION)
info: DB Conected!
info: HTTP Server Up on port 8080! (PRODUCTION)
info: DB Conected!
info: HTTP Server Up on port 8080! (PRODUCTION)
info: DB Conected!
info: HTTP Server Up on port 8080! (PRODUCTION)
info: DB Conected!
info: HTTP Server Up on port 8080! (PRODUCTION)
error: cart.controller.js - Error en getProductFromCartById: TypeError: this.cartsDAO.findOne is not a function
error: Ocurrió un error: No se pudo completar la solicitud. {"stack":"Error: No se pudo completar la solicitud.\n    at file:///Users/santimolina/Desktop/Curso%20Backend/Entregas/desafio-clase-34/src/controllers/user.controller.js:47:31\n    at process.processTicksAndRejections (node:internal/process/task_queues:95:5)"}
error: cart.controller.js - Error en getProductFromCartById: TypeError: this.cartsDAO.findOne is not a function
error: Ocurrió un error: No se pudo completar la solicitud. {"stack":"Error: No se pudo completar la solicitud.\n    at file:///Users/santimolina/Desktop/Curso%20Backend/Entregas/desafio-clase-34/src/controllers/user.controller.js:47:31\n    at process.processTicksAndRejections (node:internal/process/task_queues:95:5)"}
error: cart.controller.js - Error en getProductFromCartById: TypeError: this.cartsDAO.findOne is not a function
error: Ocurrió un error: No se pudo completar la solicitud. {"stack":"Error: No se pudo completar la solicitud.\n    at file:///Users/santimolina/Desktop/Curso%20Backend/Entregas/desafio-clase-34/src/controllers/user.controller.js:47:31\n    at process.processTicksAndRejections (node:internal/process/task_queues:95:5)"}
error: cart.controller.js - Error en getProductFromCartById: TypeError: this.cartsDAO.findOne is not a function
error: Ocurrió un error: No se pudo completar la solicitud. {"stack":"Error: No se pudo completar la solicitud.\n    at file:///Users/santimolina/Desktop/Curso%20Backend/Entregas/desafio-clase-34/src/controllers/user.controller.js:47:31\n    at process.processTicksAndRejections (node:internal/process/task_queues:95:5)"}
info: DB Conected!
info: HTTP Server Up on port 8080! (PRODUCTION)
info: Socket Server UP!
info: DB Conected!
info: HTTP Server Up on port 8080! (PRODUCTION)
info: Socket Server UP!
info: Socket Server UP!
info: DB Conected!
info: HTTP Server Up on port 8080! (PRODUCTION)
info: Socket Server UP!
error: cart.controller.js - Error en getProductFromCartById: TypeError: this.cartsDAO.findOne is not a function
error: Ocurrió un error: No se pudo completar la solicitud. {"stack":"Error: No se pudo completar la solicitud.\n    at file:///Users/santimolina/Desktop/Curso%20Backend/Entregas/desafio-clase-34/src/controllers/user.controller.js:47:31\n    at process.processTicksAndRejections (node:internal/process/task_queues:95:5)"}
error: cart.controller.js - Error en getProductFromCartById: TypeError: this.cartsDAO.findOne is not a function
error: Ocurrió un error: No se pudo completar la solicitud. {"stack":"Error: No se pudo completar la solicitud.\n    at file:///Users/santimolina/Desktop/Curso%20Backend/Entregas/desafio-clase-34/src/controllers/user.controller.js:47:31\n    at process.processTicksAndRejections (node:internal/process/task_queues:95:5)"}
info: DB Conected!
info: HTTP Server Up on port 8080! (PRODUCTION)
info: DB Conected!
info: HTTP Server Up on port 8080! (PRODUCTION)
error: cart.controller.js - Error en getProductFromCartById: TypeError: this.cartsDAO.findOne is not a function
error: Ocurrió un error: No se pudo completar la solicitud. {"stack":"Error: No se pudo completar la solicitud.\n    at file:///Users/santimolina/Desktop/Curso%20Backend/Entregas/desafio-clase-34/src/controllers/user.controller.js:47:31\n    at process.processTicksAndRejections (node:internal/process/task_queues:95:5)"}
error: cart.controller.js - Error en getProductFromCartById: TypeError: this.cartsDAO.findOne is not a function
error: Ocurrió un error: No se pudo completar la solicitud. {"stack":"Error: No se pudo completar la solicitud.\n    at file:///Users/santimolina/Desktop/Curso%20Backend/Entregas/desafio-clase-34/src/controllers/user.controller.js:47:31\n    at process.processTicksAndRejections (node:internal/process/task_queues:95:5)"}
info: DB Conected!
info: HTTP Server Up on port 8080! (PRODUCTION)
info: DB Conected!
info: HTTP Server Up on port 8080! (PRODUCTION)
error: cart.controller.js - Error en getProductFromCartById: TypeError: this.cartsDAO.findOne is not a function
error: Ocurrió un error: No se pudo completar la solicitud. {"stack":"Error: No se pudo completar la solicitud.\n    at file:///Users/santimolina/Desktop/Curso%20Backend/Entregas/desafio-clase-34/src/controllers/user.controller.js:47:31\n    at process.processTicksAndRejections (node:internal/process/task_queues:95:5)"}
info: DB Conected!
info: HTTP Server Up on port 8080! (PRODUCTION)
info: DB Conected!
info: HTTP Server Up on port 8080! (PRODUCTION)
info: DB Conected!
info: HTTP Server Up on port 8080! (PRODUCTION)
error: cart.controller.js - Error en getProductFromCartById: TypeError: this.cartsDAO.findOne is not a function
error: Ocurrió un error: No se pudo completar la solicitud. {"stack":"Error: No se pudo completar la solicitud.\n    at file:///Users/santimolina/Desktop/Curso%20Backend/Entregas/desafio-clase-34/src/controllers/user.controller.js:47:31\n    at process.processTicksAndRejections (node:internal/process/task_queues:95:5)"}
info: DB Conected!
info: HTTP Server Up on port 8080! (PRODUCTION)
error: cart.controller.js - Error en getProductFromCartById: TypeError: this.cartsDAO.findOne is not a function
error: Ocurrió un error: No se pudo completar la solicitud. {"stack":"Error: No se pudo completar la solicitud.\n    at file:///Users/santimolina/Desktop/Curso%20Backend/Entregas/desafio-clase-34/src/controllers/user.controller.js:47:31\n    at process.processTicksAndRejections (node:internal/process/task_queues:95:5)"}
info: DB Conected!
info: HTTP Server Up on port 8080! (PRODUCTION)
info: DB Conected!
info: HTTP Server Up on port 8080! (PRODUCTION)
error: cart.controller.js - Error en getProductFromCartById: TypeError: this.cartsDAO.findOne is not a function
error: Ocurrió un error: No se pudo completar la solicitud. {"stack":"Error: No se pudo completar la solicitud.\n    at file:///Users/santimolina/Desktop/Curso%20Backend/Entregas/desafio-clase-34/src/controllers/user.controller.js:47:31\n    at process.processTicksAndRejections (node:internal/process/task_queues:95:5)"}
info: DB Conected!
info: HTTP Server Up on port 8080! (PRODUCTION)
error: cart.controller.js - Error en getProductFromCartById: TypeError: this.cartsDAO.findOne is not a function
error: Ocurrió un error: No se pudo completar la solicitud. {"stack":"Error: No se pudo completar la solicitud.\n    at file:///Users/santimolina/Desktop/Curso%20Backend/Entregas/desafio-clase-34/src/controllers/user.controller.js:47:31\n    at process.processTicksAndRejections (node:internal/process/task_queues:95:5)"}
info: DB Conected!
info: HTTP Server Up on port 8080! (PRODUCTION)
error: cart.controller.js - Error en getProductFromCartById: TypeError: this.cartsDAO.findOne is not a function
error: Ocurrió un error: No se pudo completar la solicitud. {"stack":"Error: No se pudo completar la solicitud.\n    at file:///Users/santimolina/Desktop/Curso%20Backend/Entregas/desafio-clase-34/src/controllers/user.controller.js:47:31\n    at process.processTicksAndRejections (node:internal/process/task_queues:95:5)"}
info: DB Conected!
info: HTTP Server Up on port 8080! (PRODUCTION)
error: cart.controller.js - Error en getProductFromCartById: TypeError: this.cartsDAO.findOne is not a function
error: Ocurrió un error: No se pudo completar la solicitud. {"stack":"Error: No se pudo completar la solicitud.\n    at file:///Users/santimolina/Desktop/Curso%20Backend/Entregas/desafio-clase-34/src/controllers/user.controller.js:47:31\n    at process.processTicksAndRejections (node:internal/process/task_queues:95:5)"}
info: DB Conected!
info: HTTP Server Up on port 8080! (PRODUCTION)
error: cart.controller.js - Error en getProductFromCartById: TypeError: this.cartsDAO.findOne is not a function
error: Ocurrió un error: No se pudo completar la solicitud. {"stack":"Error: No se pudo completar la solicitud.\n    at file:///Users/santimolina/Desktop/Curso%20Backend/Entregas/desafio-clase-34/src/controllers/user.controller.js:47:31\n    at process.processTicksAndRejections (node:internal/process/task_queues:95:5)"}
info: DB Conected!
info: HTTP Server Up on port 8080! (PRODUCTION)
error: cart.controller.js - Error en getProductFromCartById: TypeError: this.init(...).findOne is not a function
error: Ocurrió un error: No se pudo completar la solicitud. {"stack":"Error: No se pudo completar la solicitud.\n    at file:///Users/santimolina/Desktop/Curso%20Backend/Entregas/desafio-clase-34/src/controllers/user.controller.js:47:31\n    at process.processTicksAndRejections (node:internal/process/task_queues:95:5)"}
info: DB Conected!
info: HTTP Server Up on port 8080! (PRODUCTION)
error: cart.controller.js - Error en getProductFromCartById: TypeError: this.cartsDAO.findOne is not a function
error: Ocurrió un error: No se pudo completar la solicitud. {"stack":"Error: No se pudo completar la solicitud.\n    at file:///Users/santimolina/Desktop/Curso%20Backend/Entregas/desafio-clase-34/src/controllers/user.controller.js:47:31\n    at process.processTicksAndRejections (node:internal/process/task_queues:95:5)"}
info: DB Conected!
info: HTTP Server Up on port 8080! (PRODUCTION)
error: cart.controller.js - Error en getProductFromCartById: TypeError: Cannot read properties of undefined (reading 'findOne')
error: Ocurrió un error: No se pudo completar la solicitud. {"stack":"Error: No se pudo completar la solicitud.\n    at file:///Users/santimolina/Desktop/Curso%20Backend/Entregas/desafio-clase-34/src/controllers/user.controller.js:47:31\n    at process.processTicksAndRejections (node:internal/process/task_queues:95:5)"}
info: DB Conected!
info: HTTP Server Up on port 8080! (PRODUCTION)
error: cart.controller.js - Error en getProductFromCartById: TypeError: Cannot read properties of undefined (reading 'findOne')
error: Ocurrió un error: No se pudo completar la solicitud. {"stack":"Error: No se pudo completar la solicitud.\n    at file:///Users/santimolina/Desktop/Curso%20Backend/Entregas/desafio-clase-34/src/controllers/user.controller.js:47:31\n    at process.processTicksAndRejections (node:internal/process/task_queues:95:5)"}
info: DB Conected!
info: HTTP Server Up on port 8080! (PRODUCTION)
info: Socket Server UP!
error: cart.controller.js - Error en addProductsToCartById: TypeError: this.cartsDAO.getAll is not a function
info: DB Conected!
info: HTTP Server Up on port 8080! (PRODUCTION)
info: DB Conected!
info: HTTP Server Up on port 8080! (PRODUCTION)
info: DB Conected!
info: HTTP Server Up on port 8080! (PRODUCTION)
info: Socket Server UP!
info: DB Conected!
info: HTTP Server Up on port 8080! (PRODUCTION)
info: DB Conected!
info: HTTP Server Up on port 8080! (PRODUCTION)
info: DB Conected!
info: HTTP Server Up on port 8080! (PRODUCTION)
info: Socket Server UP!
error: cart.service.js - Error en getCarts: TypeError: this.cartsDAO.getAll is not a function
error: cart.service.js - Error en addProductToCart: CustomError: cart.service.js - Error en getCarts: TypeError: this.cartsDAO.getAll is not a function
error: cart.controller.js - Error en addProductsToCartById: CustomError: cart.service.js - Error en addProductToCart: CustomError: cart.service.js - Error en getCarts: TypeError: this.cartsDAO.getAll is not a function
info: DB Conected!
info: HTTP Server Up on port 8080! (PRODUCTION)
info: DB Conected!
info: HTTP Server Up on port 8080! (PRODUCTION)
info: Socket Server UP!
error: cart.service.js - Error en getCarts: TypeError: this.cartsDAO.getAll is not a function
error: cart.service.js - Error en addProductToCart: CustomError: cart.service.js - Error en getCarts: TypeError: this.cartsDAO.getAll is not a function
error: cart.controller.js - Error en addProductsToCartById: CustomError: cart.service.js - Error en addProductToCart: CustomError: cart.service.js - Error en getCarts: TypeError: this.cartsDAO.getAll is not a function
error: cart.service.js - Error en getCarts: TypeError: this.cartsDAO.getAll is not a function
error: cart.service.js - Error en addProductToCart: CustomError: cart.service.js - Error en getCarts: TypeError: this.cartsDAO.getAll is not a function
error: cart.controller.js - Error en addProductsToCartById: CustomError: cart.service.js - Error en addProductToCart: CustomError: cart.service.js - Error en getCarts: TypeError: this.cartsDAO.getAll is not a function
info: DB Conected!
info: HTTP Server Up on port 8080! (PRODUCTION)
error: cart.service.js - Error en getCarts: TypeError: this.cartsDAO.getAll is not a function
error: cart.service.js - Error al ejecutar this.getCarts: CustomError: cart.service.js - Error en getCarts: TypeError: this.cartsDAO.getAll is not a function
error: cart.service.js - Error en addProductToCart: CustomError: cart.service.js - Error al ejecutar this.getCarts: CustomError: cart.service.js - Error en getCarts: TypeError: this.cartsDAO.getAll is not a function
error: cart.controller.js - Error en addProductsToCartById: CustomError: cart.service.js - Error en addProductToCart: CustomError: cart.service.js - Error al ejecutar this.getCarts: CustomError: cart.service.js - Error en getCarts: TypeError: this.cartsDAO.getAll is not a function
error: cart.service.js - Error en getCarts: TypeError: this.cartsDAO.getAll is not a function
error: cart.service.js - Error al ejecutar this.getCarts: CustomError: cart.service.js - Error en getCarts: TypeError: this.cartsDAO.getAll is not a function
error: cart.service.js - Error en addProductToCart: CustomError: cart.service.js - Error al ejecutar this.getCarts: CustomError: cart.service.js - Error en getCarts: TypeError: this.cartsDAO.getAll is not a function
error: cart.controller.js - Error en addProductsToCartById: CustomError: cart.service.js - Error en addProductToCart: CustomError: cart.service.js - Error al ejecutar this.getCarts: CustomError: cart.service.js - Error en getCarts: TypeError: this.cartsDAO.getAll is not a function
info: DB Conected!
info: HTTP Server Up on port 8080! (PRODUCTION)
error: cart.service.js - Error en getCarts: TypeError: this.cartsDAO.getAll is not a function
error: cart.service.js - Error al ejecutar this.getCarts: CustomError: cart.service.js - Error en getCarts: TypeError: this.cartsDAO.getAll is not a function
error: cart.service.js - Error en addProductToCart: CustomError: cart.service.js - Error al ejecutar this.getCarts: CustomError: cart.service.js - Error en getCarts: TypeError: this.cartsDAO.getAll is not a function
error: cart.controller.js - Error en addProductsToCartById: CustomError: cart.service.js - Error en addProductToCart: CustomError: cart.service.js - Error al ejecutar this.getCarts: CustomError: cart.service.js - Error en getCarts: TypeError: this.cartsDAO.getAll is not a function
info: Socket Server UP!
error: cart.service.js - Error en getCarts: TypeError: this.cartsDAO.getAll is not a function
error: cart.service.js - Error al ejecutar this.getCarts: CustomError: cart.service.js - Error en getCarts: TypeError: this.cartsDAO.getAll is not a function
error: cart.service.js - Error en addProductToCart: CustomError: cart.service.js - Error al ejecutar this.getCarts: CustomError: cart.service.js - Error en getCarts: TypeError: this.cartsDAO.getAll is not a function
error: cart.controller.js - Error en addProductsToCartById: CustomError: cart.service.js - Error en addProductToCart: CustomError: cart.service.js - Error al ejecutar this.getCarts: CustomError: cart.service.js - Error en getCarts: TypeError: this.cartsDAO.getAll is not a function
info: DB Conected!
info: HTTP Server Up on port 8080! (PRODUCTION)
error: cart.service.js - Error en getCarts: TypeError: this.cartsDAO.getAll is not a function
error: cart.service.js - Error al ejecutar this.getCarts: CustomError: cart.service.js - Error en getCarts: TypeError: this.cartsDAO.getAll is not a function
error: cart.service.js - Error en addProductToCart: CustomError: cart.service.js - Error al ejecutar this.getCarts: CustomError: cart.service.js - Error en getCarts: TypeError: this.cartsDAO.getAll is not a function
error: cart.controller.js - Error en addProductsToCartById: CustomError: cart.service.js - Error en addProductToCart: CustomError: cart.service.js - Error al ejecutar this.getCarts: CustomError: cart.service.js - Error en getCarts: TypeError: this.cartsDAO.getAll is not a function
info: DB Conected!
info: HTTP Server Up on port 8080! (PRODUCTION)
info: DB Conected!
info: HTTP Server Up on port 8080! (PRODUCTION)
error: cart.service.js - Error en getCarts: TypeError: this.cartsDAO.getAll is not a function
error: cart.service.js - Error al ejecutar this.getCarts: CustomError: cart.service.js - Error en getCarts: TypeError: this.cartsDAO.getAll is not a function
error: cart.service.js - Error en addProductToCart: CustomError: cart.service.js - Error al ejecutar this.getCarts: CustomError: cart.service.js - Error en getCarts: TypeError: this.cartsDAO.getAll is not a function
error: cart.controller.js - Error en addProductsToCartById: CustomError: cart.service.js - Error en addProductToCart: CustomError: cart.service.js - Error al ejecutar this.getCarts: CustomError: cart.service.js - Error en getCarts: TypeError: this.cartsDAO.getAll is not a function
error: querySrv ETIMEOUT _mongodb._tcp.huapi.hudzda5.mongodb.net
info: DB Conected!
info: HTTP Server Up on port 8080! (PRODUCTION)
info: Socket Server UP!
error: error aca
error: cart.service.js - Error al ejecutar getCartByID: CustomError: No existe ningun carrito con el id: 656016219e24daa5877d6e2b
error: cart.service.js - Error en addProductToCart: CustomError: cart.service.js - Error al ejecutar getCartByID: CustomError: No existe ningun carrito con el id: 656016219e24daa5877d6e2b
error: cart.controller.js - Error en addProductsToCartById: CustomError: cart.service.js - Error en addProductToCart: CustomError: cart.service.js - Error al ejecutar getCartByID: CustomError: No existe ningun carrito con el id: 656016219e24daa5877d6e2b
info: DB Conected!
info: HTTP Server Up on port 8080! (PRODUCTION)
error: cart.service.js - Error en getCarts: TypeError: this.cartsDAO.getAll is not a function
error: cart.service.js - Error al ejecutar this.getCarts: CustomError: cart.service.js - Error en getCarts: TypeError: this.cartsDAO.getAll is not a function
error: cart.service.js - Error en addProductToCart: CustomError: cart.service.js - Error al ejecutar this.getCarts: CustomError: cart.service.js - Error en getCarts: TypeError: this.cartsDAO.getAll is not a function
error: cart.controller.js - Error en addProductsToCartById: CustomError: cart.service.js - Error en addProductToCart: CustomError: cart.service.js - Error al ejecutar this.getCarts: CustomError: cart.service.js - Error en getCarts: TypeError: this.cartsDAO.getAll is not a function
info: DB Conected!
info: HTTP Server Up on port 8080! (PRODUCTION)
error: cart.service.js - Error en getCarts: TypeError: this.cartsDAO.getAll is not a function
error: cart.service.js - Error al ejecutar this.getCarts: CustomError: cart.service.js - Error en getCarts: TypeError: this.cartsDAO.getAll is not a function
error: cart.service.js - Error en addProductToCart: CustomError: cart.service.js - Error al ejecutar this.getCarts: CustomError: cart.service.js - Error en getCarts: TypeError: this.cartsDAO.getAll is not a function
error: cart.controller.js - Error en addProductsToCartById: CustomError: cart.service.js - Error en addProductToCart: CustomError: cart.service.js - Error al ejecutar this.getCarts: CustomError: cart.service.js - Error en getCarts: TypeError: this.cartsDAO.getAll is not a function
info: DB Conected!
info: HTTP Server Up on port 8080! (PRODUCTION)
error: error aca
error: cart.service.js - Error al ejecutar getCartByID: CustomError: No existe ningun carrito con el id: 656016219e24daa5877d6e2b
error: cart.service.js - Error en addProductToCart: CustomError: cart.service.js - Error al ejecutar getCartByID: CustomError: No existe ningun carrito con el id: 656016219e24daa5877d6e2b
error: cart.controller.js - Error en addProductsToCartById: CustomError: cart.service.js - Error en addProductToCart: CustomError: cart.service.js - Error al ejecutar getCartByID: CustomError: No existe ningun carrito con el id: 656016219e24daa5877d6e2b
info: DB Conected!
info: HTTP Server Up on port 8080! (PRODUCTION)
error: cart.service.js - Error en getAll: TypeError: this.cartsDAO.getAll is not a function
error: cart.service.js - Error en getCarts: CustomError: cart.service.js - Error en getAll: TypeError: this.cartsDAO.getAll is not a function
error: cart.service.js - Error al ejecutar this.getCarts: CustomError: cart.service.js - Error en getCarts: CustomError: cart.service.js - Error en getAll: TypeError: this.cartsDAO.getAll is not a function
error: cart.service.js - Error en addProductToCart: CustomError: cart.service.js - Error al ejecutar this.getCarts: CustomError: cart.service.js - Error en getCarts: CustomError: cart.service.js - Error en getAll: TypeError: this.cartsDAO.getAll is not a function
error: cart.controller.js - Error en addProductsToCartById: CustomError: cart.service.js - Error en addProductToCart: CustomError: cart.service.js - Error al ejecutar this.getCarts: CustomError: cart.service.js - Error en getCarts: CustomError: cart.service.js - Error en getAll: TypeError: this.cartsDAO.getAll is not a function
error: cart.service.js - Error en getAll: TypeError: this.cartsDAO.getAll is not a function
error: cart.service.js - Error en getCarts: CustomError: cart.service.js - Error en getAll: TypeError: this.cartsDAO.getAll is not a function
error: cart.service.js - Error al ejecutar this.getCarts: CustomError: cart.service.js - Error en getCarts: CustomError: cart.service.js - Error en getAll: TypeError: this.cartsDAO.getAll is not a function
error: cart.service.js - Error en addProductToCart: CustomError: cart.service.js - Error al ejecutar this.getCarts: CustomError: cart.service.js - Error en getCarts: CustomError: cart.service.js - Error en getAll: TypeError: this.cartsDAO.getAll is not a function
error: cart.controller.js - Error en addProductsToCartById: CustomError: cart.service.js - Error en addProductToCart: CustomError: cart.service.js - Error al ejecutar this.getCarts: CustomError: cart.service.js - Error en getCarts: CustomError: cart.service.js - Error en getAll: TypeError: this.cartsDAO.getAll is not a function
info: DB Conected!
info: HTTP Server Up on port 8080! (PRODUCTION)
error: error aca
error: cart.service.js - Error al ejecutar getCartByID: CustomError: No existe ningun carrito con el id: 656016219e24daa5877d6e2b
error: cart.service.js - Error en addProductToCart: CustomError: cart.service.js - Error al ejecutar getCartByID: CustomError: No existe ningun carrito con el id: 656016219e24daa5877d6e2b
error: cart.controller.js - Error en addProductsToCartById: CustomError: cart.service.js - Error en addProductToCart: CustomError: cart.service.js - Error al ejecutar getCartByID: CustomError: No existe ningun carrito con el id: 656016219e24daa5877d6e2b
info: DB Conected!
info: HTTP Server Up on port 8080! (PRODUCTION)
error: cart.service.js - Error en getCarts: TypeError: this.cartsDAO.getAll is not a function
error: cart.service.js - Error en getCarts: CustomError: cart.service.js - Error en getCarts: TypeError: this.cartsDAO.getAll is not a function
error: cart.service.js - Error al ejecutar this.getCarts: CustomError: cart.service.js - Error en getCarts: CustomError: cart.service.js - Error en getCarts: TypeError: this.cartsDAO.getAll is not a function
error: cart.service.js - Error en addProductToCart: CustomError: cart.service.js - Error al ejecutar this.getCarts: CustomError: cart.service.js - Error en getCarts: CustomError: cart.service.js - Error en getCarts: TypeError: this.cartsDAO.getAll is not a function
error: cart.controller.js - Error en addProductsToCartById: CustomError: cart.service.js - Error en addProductToCart: CustomError: cart.service.js - Error al ejecutar this.getCarts: CustomError: cart.service.js - Error en getCarts: CustomError: cart.service.js - Error en getCarts: TypeError: this.cartsDAO.getAll is not a function
info: DB Conected!
info: HTTP Server Up on port 8080! (PRODUCTION)
error: cart.service.js - Error en getCartByID: TypeError: this.cartsDAO.findOne is not a function
error: cart.controller.js - Error en getProductFromCartById: CustomError: cart.service.js - Error en getCartByID: TypeError: this.cartsDAO.findOne is not a function
error: Ocurrió un error: No se pudo completar la solicitud. {"stack":"Error: No se pudo completar la solicitud.\n    at file:///Users/santimolina/Desktop/Curso%20Backend/Entregas/desafio-clase-34/src/controllers/user.controller.js:47:31\n    at process.processTicksAndRejections (node:internal/process/task_queues:95:5)"}
error: cart.service.js - Error en getCartByID: TypeError: this.cartsDAO.findOne is not a function
error: cart.controller.js - Error en getProductFromCartById: CustomError: cart.service.js - Error en getCartByID: TypeError: this.cartsDAO.findOne is not a function
error: Ocurrió un error: No se pudo completar la solicitud. {"stack":"Error: No se pudo completar la solicitud.\n    at file:///Users/santimolina/Desktop/Curso%20Backend/Entregas/desafio-clase-34/src/controllers/user.controller.js:47:31\n    at process.processTicksAndRejections (node:internal/process/task_queues:95:5)"}
error: cart.service.js - Error en getCartByID: TypeError: this.cartsDAO.findOne is not a function
error: cart.controller.js - Error en getProductFromCartById: CustomError: cart.service.js - Error en getCartByID: TypeError: this.cartsDAO.findOne is not a function
error: Ocurrió un error: No se pudo completar la solicitud. {"stack":"Error: No se pudo completar la solicitud.\n    at file:///Users/santimolina/Desktop/Curso%20Backend/Entregas/desafio-clase-34/src/controllers/user.controller.js:47:31\n    at process.processTicksAndRejections (node:internal/process/task_queues:95:5)"}
info: DB Conected!
info: HTTP Server Up on port 8080! (PRODUCTION)
info: Socket Server UP!
info: Socket Server UP!
info: DB Conected!
info: HTTP Server Up on port 8080! (PRODUCTION)
info: DB Conected!
info: HTTP Server Up on port 8080! (PRODUCTION)
info: Socket Server UP!
info: DB Conected!
info: HTTP Server Up on port 8080! (PRODUCTION)
info: Socket Server UP!
info: DB Conected!
info: HTTP Server Up on port 8080! (PRODUCTION)
info: Socket Server UP!
info: DB Conected!
info: HTTP Server Up on port 8080! (PRODUCTION)
info: DB Conected!
info: HTTP Server Up on port 8080! (PRODUCTION)
info: Socket Server UP!
info: DB Conected!
info: HTTP Server Up on port 8080! (PRODUCTION)
info: Socket Server UP!
info: Socket Server UP!
info: DB Conected!
info: HTTP Server Up on port 8080! (PRODUCTION)
info: Socket Server UP!
info: Socket Server UP!
info: DB Conected!
info: HTTP Server Up on port 8080! (PRODUCTION)
info: Socket Server UP!
info: Socket Server UP!
info: DB Conected!
info: HTTP Server Up on port 8080! (PRODUCTION)
info: Socket Server UP!
error: cart.controller.js - Error en getProductFromCartById: TypeError: this.cartsDAO.findOne is not a function
error: Ocurrió un error: No se pudo completar la solicitud. {"stack":"Error: No se pudo completar la solicitud.\n    at file:///Users/santimolina/Desktop/Curso%20Backend/Entregas/desafio-clase-34/src/controllers/user.controller.js:47:31\n    at process.processTicksAndRejections (node:internal/process/task_queues:95:5)"}
info: DB Conected!
info: HTTP Server Up on port 8080! (PRODUCTION)
error: cart.controller.js - Error en getProductFromCartById: TypeError: this.cartsDAO.findOne is not a function
error: Ocurrió un error: No se pudo completar la solicitud. {"stack":"Error: No se pudo completar la solicitud.\n    at file:///Users/santimolina/Desktop/Curso%20Backend/Entregas/desafio-clase-34/src/controllers/user.controller.js:47:31\n    at process.processTicksAndRejections (node:internal/process/task_queues:95:5)"}
error: cart.controller.js - Error en getProductFromCartById: TypeError: this.cartsDAO.findOne is not a function
error: Ocurrió un error: No se pudo completar la solicitud. {"stack":"Error: No se pudo completar la solicitud.\n    at file:///Users/santimolina/Desktop/Curso%20Backend/Entregas/desafio-clase-34/src/controllers/user.controller.js:47:31\n    at process.processTicksAndRejections (node:internal/process/task_queues:95:5)"}
info: DB Conected!
info: HTTP Server Up on port 8080! (PRODUCTION)
info: Socket Server UP!
info: DB Conected!
info: HTTP Server Up on port 8080! (PRODUCTION)
info: Socket Server UP!
info: Socket Server UP!
info: Socket Server UP!
info: DB Conected!
info: HTTP Server Up on port 8080! (PRODUCTION)
info: Socket Server UP!
info: Socket Server UP!
info: Socket Server UP!
info: DB Conected!
info: HTTP Server Up on port 8080! (PRODUCTION)
info: Socket Server UP!
info: Socket Server UP!
info: DB Conected!
info: HTTP Server Up on port 8080! (PRODUCTION)
info: Socket Server UP!
error: cart.controller.js - Error en getProductFromCartById: TypeError: this.cartsDAO.CartsDAODB is not a constructor
error: Ocurrió un error: No se pudo completar la solicitud. {"stack":"Error: No se pudo completar la solicitud.\n    at file:///Users/santimolina/Desktop/Curso%20Backend/Entregas/desafio-clase-34/src/controllers/user.controller.js:47:31\n    at process.processTicksAndRejections (node:internal/process/task_queues:95:5)"}
info: DB Conected!
info: HTTP Server Up on port 8080! (PRODUCTION)
error: cart.controller.js - Error en getProductFromCartById: TypeError: this.cartsDAO is not a constructor
error: Ocurrió un error: No se pudo completar la solicitud. {"stack":"Error: No se pudo completar la solicitud.\n    at file:///Users/santimolina/Desktop/Curso%20Backend/Entregas/desafio-clase-34/src/controllers/user.controller.js:47:31\n    at process.processTicksAndRejections (node:internal/process/task_queues:95:5)"}
info: DB Conected!
info: HTTP Server Up on port 8080! (PRODUCTION)
error: cart.controller.js - Error en getProductFromCartById: TypeError: this.cartsDAO is not a constructor
error: Ocurrió un error: No se pudo completar la solicitud. {"stack":"Error: No se pudo completar la solicitud.\n    at file:///Users/santimolina/Desktop/Curso%20Backend/Entregas/desafio-clase-34/src/controllers/user.controller.js:47:31\n    at process.processTicksAndRejections (node:internal/process/task_queues:95:5)"}
error: cart.controller.js - Error en getProductFromCartById: TypeError: this.cartsDAO is not a constructor
error: Ocurrió un error: No se pudo completar la solicitud. {"stack":"Error: No se pudo completar la solicitud.\n    at file:///Users/santimolina/Desktop/Curso%20Backend/Entregas/desafio-clase-34/src/controllers/user.controller.js:47:31\n    at process.processTicksAndRejections (node:internal/process/task_queues:95:5)"}
info: DB Conected!
info: HTTP Server Up on port 8080! (PRODUCTION)
error: cart.controller.js - Error en getProductFromCartById: TypeError: this.cartsDAO is not a constructor
error: Ocurrió un error: No se pudo completar la solicitud. {"stack":"Error: No se pudo completar la solicitud.\n    at file:///Users/santimolina/Desktop/Curso%20Backend/Entregas/desafio-clase-34/src/controllers/user.controller.js:47:31\n    at process.processTicksAndRejections (node:internal/process/task_queues:95:5)"}
info: DB Conected!
info: HTTP Server Up on port 8080! (PRODUCTION)
info: Socket Server UP!
info: DB Conected!
info: HTTP Server Up on port 8080! (PRODUCTION)
info: Socket Server UP!
info: Socket Server UP!
info: DB Conected!
info: HTTP Server Up on port 8080! (PRODUCTION)
info: Socket Server UP!
info: DB Conected!
info: HTTP Server Up on port 8080! (PRODUCTION)
info: Socket Server UP!
info: Socket Server UP!
info: DB Conected!
info: DB Conected!
info: DB Conected!
info: DB Conected!
info: HTTP Server Up on port 8080! (PRODUCTION)
info: Socket Server UP!
info: Socket Server UP!
info: DB Conected!
info: HTTP Server Up on port 8080! (PRODUCTION)
info: DB Conected!
info: HTTP Server Up on port 8080! (PRODUCTION)
info: Socket Server UP!
info: DB Conected!
info: DB Conected!
info: HTTP Server Up on port 8080! (PRODUCTION)
info: Socket Server UP!
info: Socket Server UP!
info: DB Conected!
info: HTTP Server Up on port 8080! (PRODUCTION)
info: Socket Server UP!
info: Socket Server UP!
info: DB Conected!
info: HTTP Server Up on port 8080! (PRODUCTION)
info: Socket Server UP!
info: DB Conected!
info: HTTP Server Up on port 8080! (PRODUCTION)
info: Socket Server UP!
info: Socket Server UP!
info: DB Conected!
info: HTTP Server Up on port 8080! (PRODUCTION)
info: Socket Server UP!
info: DB Conected!
info: HTTP Server Up on port 8080! (PRODUCTION)
info: Socket Server UP!
info: Socket Server UP!
info: DB Conected!
info: HTTP Server Up on port 8080! (PRODUCTION)
info: Socket Server UP!
info: Socket Server UP!
info: Socket Server UP!
info: Socket Server UP!
info: Socket Server UP!
info: Socket Server UP!
info: DB Conected!
info: HTTP Server Up on port 8080! (PRODUCTION)
info: Socket Server UP!
info: Socket Server UP!
info: Socket Server UP!
info: DB Conected!
info: HTTP Server Up on port 8080! (PRODUCTION)
info: Socket Server UP!
info: DB Conected!
info: HTTP Server Up on port 8080! (PRODUCTION)
info: Socket Server UP!
info: Socket Server UP!
info: Socket Server UP!
info: Socket Server UP!
info: DB Conected!
info: HTTP Server Up on port 8080! (PRODUCTION)
info: Socket Server UP!
info: DB Conected!
info: HTTP Server Up on port 8080! (PRODUCTION)
info: Socket Server UP!
info: Socket Server UP!
info: DB Conected!
info: HTTP Server Up on port 8080! (PRODUCTION)
info: Socket Server UP!
info: Socket Server UP!
info: DB Conected!
info: HTTP Server Up on port 8080! (PRODUCTION)
info: Socket Server UP!
info: DB Conected!
info: HTTP Server Up on port 8080! (PRODUCTION)
info: Socket Server UP!
info: Socket Server UP!
info: DB Conected!
info: HTTP Server Up on port 8080! (PRODUCTION)
info: Socket Server UP!
info: Socket Server UP!
info: DB Conected!
info: HTTP Server Up on port 8080! (PRODUCTION)
info: Socket Server UP!
info: DB Conected!
info: HTTP Server Up on port 8080! (PRODUCTION)
info: Socket Server UP!
info: DB Conected!
info: HTTP Server Up on port 8080! (PRODUCTION)
info: Socket Server UP!
info: DB Conected!
info: HTTP Server Up on port 8080! (PRODUCTION)
info: Socket Server UP!
info: Socket Server UP!
info: Socket Server UP!
info: DB Conected!
info: HTTP Server Up on port 8080! (PRODUCTION)
info: DB Conected!
info: HTTP Server Up on port 8080! (PRODUCTION)
info: DB Conected!
info: HTTP Server Up on port 8080! (PRODUCTION)
info: Socket Server UP!
info: DB Conected!
info: HTTP Server Up on port 8080! (PRODUCTION)
info: Socket Server UP!
info: Socket Server UP!
info: DB Conected!
info: HTTP Server Up on port 8080! (PRODUCTION)
info: Socket Server UP!
info: DB Conected!
info: HTTP Server Up on port 8080! (PRODUCTION)
info: Socket Server UP!
info: Socket Server UP!
info: DB Conected!
info: HTTP Server Up on port 8080! (PRODUCTION)
info: Socket Server UP!
info: DB Conected!
info: HTTP Server Up on port 8080! (PRODUCTION)
info: Socket Server UP!
info: DB Conected!
info: HTTP Server Up on port 8080! (PRODUCTION)
info: Socket Server UP!
info: Socket Server UP!
info: DB Conected!
info: HTTP Server Up on port 8080! (PRODUCTION)
info: Socket Server UP!
info: DB Conected!
info: HTTP Server Up on port 8080! (PRODUCTION)
info: Socket Server UP!
info: Socket Server UP!
info: Socket Server UP!
info: DB Conected!
info: HTTP Server Up on port 8080! (PRODUCTION)
info: Socket Server UP!
info: DB Conected!
info: HTTP Server Up on port 8080! (PRODUCTION)
info: Socket Server UP!
info: Socket Server UP!
info: Socket Server UP!
info: Socket Server UP!
info: DB Conected!
info: HTTP Server Up on port 8080! (PRODUCTION)
info: Socket Server UP!
error: cart.service.js - Error en addProductToCart: CustomError: No hay stock suficiente para añadir el producto al carrito
error: cart.controller.js - Error en addProductsToCartById: CustomError: cart.service.js - Error en addProductToCart: CustomError: No hay stock suficiente para añadir el producto al carrito
error: cart.service.js - Error en addProductToCart: CustomError: No hay stock suficiente para añadir el producto al carrito
error: cart.controller.js - Error en addProductsToCartById: CustomError: cart.service.js - Error en addProductToCart: CustomError: No hay stock suficiente para añadir el producto al carrito
info: Socket Server UP!
info: Socket Server UP!
info: DB Conected!
info: HTTP Server Up on port 8080! (PRODUCTION)
info: Socket Server UP!
info: DB Conected!
info: HTTP Server Up on port 8080! (PRODUCTION)
info: Socket Server UP!
info: Socket Server UP!
info: Socket Server UP!
error: cart.service.js - Error en addProductToCart: CustomError: No es posible cargar cantidad negativa en el carrito
error: cart.controller.js - Error en addProductsToCartById: CustomError: cart.service.js - Error en addProductToCart: CustomError: No es posible cargar cantidad negativa en el carrito
error: cart.service.js - Error en addProductToCart: CustomError: No es posible cargar cantidad negativa en el carrito
error: cart.controller.js - Error en addProductsToCartById: CustomError: cart.service.js - Error en addProductToCart: CustomError: No es posible cargar cantidad negativa en el carrito
info: Socket Server UP!
error: cart.service.js - Error en addProductToCart: CustomError: No es posible cargar cantidad negativa en el carrito
error: cart.controller.js - Error en addProductsToCartById: CustomError: cart.service.js - Error en addProductToCart: CustomError: No es posible cargar cantidad negativa en el carrito
info: Socket Server UP!
info: Socket Server UP!
info: DB Conected!
info: HTTP Server Up on port 8080! (PRODUCTION)
info: Socket Server UP!
info: DB Conected!
info: HTTP Server Up on port 8080! (PRODUCTION)
info: Socket Server UP!
info: DB Conected!
info: HTTP Server Up on port 8080! (PRODUCTION)
info: Socket Server UP!
info: Socket Server UP!
info: Socket Server UP!
info: Socket Server UP!
info: DB Conected!
info: HTTP Server Up on port 8080! (PRODUCTION)
info: Socket Server UP!
info: DB Conected!
info: HTTP Server Up on port 8080! (PRODUCTION)
info: Socket Server UP!
info: DB Conected!
info: HTTP Server Up on port 8080! (PRODUCTION)
info: Socket Server UP!
info: DB Conected!
info: HTTP Server Up on port 8080! (PRODUCTION)
info: Socket Server UP!
info: DB Conected!
info: HTTP Server Up on port 8080! (PRODUCTION)
info: Socket Server UP!
info: DB Conected!
info: HTTP Server Up on port 8080! (PRODUCTION)
info: Socket Server UP!
info: DB Conected!
info: HTTP Server Up on port 8080! (PRODUCTION)
info: Socket Server UP!
info: DB Conected!
info: HTTP Server Up on port 8080! (PRODUCTION)
info: Socket Server UP!
info: DB Conected!
info: HTTP Server Up on port 8080! (PRODUCTION)
info: Socket Server UP!
info: DB Conected!
info: HTTP Server Up on port 8080! (PRODUCTION)
info: Socket Server UP!
info: Socket Server UP!
error: cart.service.js - Error en addProductToCart: CustomError: No hay stock suficiente para añadir el producto al carrito
error: cart.controller.js - Error en addProductsToCartById: CustomError: cart.service.js - Error en addProductToCart: CustomError: No hay stock suficiente para añadir el producto al carrito
info: Socket Server UP!
info: Socket Server UP!
info: Socket Server UP!
info: Socket Server UP!
info: DB Conected!
info: HTTP Server Up on port 8080! (PRODUCTION)
info: Socket Server UP!
info: DB Conected!
info: HTTP Server Up on port 8080! (PRODUCTION)
info: Socket Server UP!
info: DB Conected!
info: HTTP Server Up on port 8080! (PRODUCTION)
info: DB Conected!
info: HTTP Server Up on port 8080! (PRODUCTION)
info: Socket Server UP!
info: DB Conected!
info: HTTP Server Up on port 8080! (PRODUCTION)
info: Socket Server UP!
info: DB Conected!
info: HTTP Server Up on port 8080! (PRODUCTION)
info: Socket Server UP!
info: DB Conected!
info: HTTP Server Up on port 8080! (PRODUCTION)
info: Socket Server UP!
info: DB Conected!
info: HTTP Server Up on port 8080! (PRODUCTION)
info: Socket Server UP!
info: DB Conected!
info: HTTP Server Up on port 8080! (PRODUCTION)
info: Socket Server UP!
info: DB Conected!
info: HTTP Server Up on port 8080! (PRODUCTION)
info: Socket Server UP!
info: DB Conected!
info: HTTP Server Up on port 8080! (PRODUCTION)
info: Socket Server UP!
info: DB Conected!
info: HTTP Server Up on port 8080! (PRODUCTION)
info: Socket Server UP!
info: DB Conected!
info: HTTP Server Up on port 8080! (PRODUCTION)
info: Socket Server UP!
info: DB Conected!
info: HTTP Server Up on port 8080! (PRODUCTION)
info: Socket Server UP!
info: DB Conected!
info: HTTP Server Up on port 8080! (PRODUCTION)
info: Socket Server UP!
info: DB Conected!
info: HTTP Server Up on port 8080! (PRODUCTION)
info: Socket Server UP!
info: Socket Server UP!
error: product.service.js - Error en addProduct: TypeError: this.productsDAO.create is not a function
error: product.controller-js - Error en addNewProduct: CustomError: TypeError: this.productsDAO.create is not a function
info: DB Conected!
info: HTTP Server Up on port 8080! (PRODUCTION)
info: Socket Server UP!
info: DB Conected!
info: HTTP Server Up on port 8080! (PRODUCTION)
info: Socket Server UP!
info: Socket Server UP!
info: Socket Server UP!
info: Socket Server UP!
info: Socket Server UP!
info: Socket Server UP!
info: Socket Server UP!
info: DB Conected!
info: HTTP Server Up on port 8080! (PRODUCTION)
info: Socket Server UP!
info: Socket Server UP!
info: Socket Server UP!
info: DB Conected!
info: HTTP Server Up on port 8080! (PRODUCTION)
info: Socket Server UP!
info: DB Conected!
info: HTTP Server Up on port 8080! (PRODUCTION)
info: Socket Server UP!
info: DB Conected!
info: HTTP Server Up on port 8080! (PRODUCTION)
info: Socket Server UP!
info: DB Conected!
info: HTTP Server Up on port 8080! (PRODUCTION)
info: Socket Server UP!
info: DB Conected!
info: HTTP Server Up on port 8080! (PRODUCTION)
info: Socket Server UP!
info: DB Conected!
info: HTTP Server Up on port 8080! (PRODUCTION)
info: Socket Server UP!
info: DB Conected!
info: HTTP Server Up on port 8080! (PRODUCTION)
info: Socket Server UP!
info: DB Conected!
info: HTTP Server Up on port 8080! (PRODUCTION)
info: Socket Server UP!
info: DB Conected!
info: HTTP Server Up on port 8080! (PRODUCTION)
info: Socket Server UP!
info: DB Conected!
info: HTTP Server Up on port 8080! (PRODUCTION)
info: Socket Server UP!
info: DB Conected!
info: HTTP Server Up on port 8080! (PRODUCTION)
info: Socket Server UP!
info: DB Conected!
info: HTTP Server Up on port 8080! (PRODUCTION)
info: Socket Server UP!
info: DB Conected!
info: HTTP Server Up on port 8080! (PRODUCTION)
info: Socket Server UP!
info: DB Conected!
info: HTTP Server Up on port 8080! (PRODUCTION)
info: Socket Server UP!
info: DB Conected!
info: HTTP Server Up on port 8080! (PRODUCTION)
info: Socket Server UP!
info: DB Conected!
info: HTTP Server Up on port 8080! (PRODUCTION)
info: Socket Server UP!
info: DB Conected!
info: HTTP Server Up on port 8080! (PRODUCTION)
info: Socket Server UP!
info: DB Conected!
info: HTTP Server Up on port 8080! (PRODUCTION)
info: Socket Server UP!
info: DB Conected!
info: HTTP Server Up on port 8080! (PRODUCTION)
info: Socket Server UP!
info: DB Conected!
info: HTTP Server Up on port 8080! (PRODUCTION)
info: Socket Server UP!
info: DB Conected!
info: HTTP Server Up on port 8080! (PRODUCTION)
info: Socket Server UP!
info: DB Conected!
info: HTTP Server Up on port 8080! (PRODUCTION)
info: Socket Server UP!
info: DB Conected!
info: HTTP Server Up on port 8080! (PRODUCTION)
info: Socket Server UP!
info: DB Conected!
info: HTTP Server Up on port 8080! (PRODUCTION)
info: Socket Server UP!
info: DB Conected!
info: HTTP Server Up on port 8080! (PRODUCTION)
info: Socket Server UP!
info: Socket Server UP!
info: Socket Server UP!
info: Socket Server UP!
info: Socket Server UP!
info: DB Conected!
info: HTTP Server Up on port 8080! (PRODUCTION)
info: DB Conected!
info: HTTP Server Up on port 8080! (PRODUCTION)
info: DB Conected!
info: HTTP Server Up on port 8080! (PRODUCTION)
info: DB Conected!
info: HTTP Server Up on port 8080! (PRODUCTION)
info: DB Conected!
info: HTTP Server Up on port 8080! (PRODUCTION)
info: DB Conected!
info: HTTP Server Up on port 8080! (PRODUCTION)
info: DB Conected!
info: HTTP Server Up on port 8080! (PRODUCTION)
info: DB Conected!
info: HTTP Server Up on port 8080! (PRODUCTION)
info: DB Conected!
info: HTTP Server Up on port 8080! (PRODUCTION)
info: DB Conected!
info: HTTP Server Up on port 8080! (PRODUCTION)
info: DB Conected!
info: HTTP Server Up on port 8080! (PRODUCTION)
info: DB Conected!
info: HTTP Server Up on port 8080! (PRODUCTION)
info: middleware errores
error: undefined
info: DB Conected!
info: HTTP Server Up on port 8080! (PRODUCTION)
info: middleware errores
error: undefined
info: middleware errores
error: undefined
info: middleware errores
error: undefined
info: middleware errores
error: undefined
info: middleware errores
error: undefined
info: DB Conected!
info: HTTP Server Up on port 8080! (PRODUCTION)
info: DB Conected!
info: HTTP Server Up on port 8080! (PRODUCTION)
info: DB Conected!
info: HTTP Server Up on port 8080! (PRODUCTION)
info: DB Conected!
info: HTTP Server Up on port 8080! (PRODUCTION)
info: DB Conected!
info: HTTP Server Up on port 8080! (PRODUCTION)
info: DB Conected!
info: HTTP Server Up on port 8080! (PRODUCTION)
info: {
  _id: new ObjectId("6586180296812d9c11418fe7"),
  first_name: 'juan carlos',
  last_name: 'menem',
  email: 'menem@gmail',
  age: 1,
  password: '$2b$10$prYlh2PLRUf.A7VBcOqWsu0ZEbiXrEZfnZxTT0oXJNnFCZv8rh.mG',
  cart: new ObjectId("6586180296812d9c11418fe5"),
  role: 'user',
  __v: 0
}
info: DB Conected!
info: HTTP Server Up on port 8080! (PRODUCTION)
info: DB Conected!
info: HTTP Server Up on port 8080! (PRODUCTION)
info: {
  _id: new ObjectId("6586180296812d9c11418fe7"),
  first_name: 'juan carlos',
  last_name: 'menem',
  email: 'menem@gmail',
  age: 1,
  password: '$2b$10$prYlh2PLRUf.A7VBcOqWsu0ZEbiXrEZfnZxTT0oXJNnFCZv8rh.mG',
  cart: new ObjectId("6586180296812d9c11418fe5"),
  role: 'user',
  __v: 0
}
error: user.service.js - Error en getUserByField: CustomError: No se encontró ningun user con email = santiagoblasmolisssna@gmail.com
error: user.service.js - Error en getUserByEmail: CustomError: Error al realizar la solicitud de busqueda de usuarios.
info: DB Conected!
error: ERROR: Error: listen EADDRINUSE: address already in use :::8080
info: DB Conected!
info: HTTP Server Up on port 8080! (PRODUCTION)
error: user.service.js - Error en getUserByField: CustomError: No se encontró ningun user con email = santiagoblasmolisssna@gmail.com
error: user.service.js - Error en getUserByEmail: CustomError: Error al realizar la solicitud de busqueda de usuarios.
info: DB Conected!
info: HTTP Server Up on port 8080! (PRODUCTION)
info: DB Conected!
info: HTTP Server Up on port 8080! (PRODUCTION)
info: DB Conected!
info: HTTP Server Up on port 8080! (PRODUCTION)
error: user.service.js - Error en getUserByEmailToBack: ReferenceError: valor is not defined
info: DB Conected!
info: HTTP Server Up on port 8080! (PRODUCTION)
info: {
  _id: new ObjectId("6586249d5604036b57d856c8"),
  first_name: 'Santiago',
  last_name: 'molina',
  email: 'santiagoblasmolisssna@gmail.com',
  age: 34,
  password: '$2b$10$IyVskvg1sxaVh87J3oRW2uvCNMYB80NGKLlS0Zfnwi1GZulhu4qiC',
  cart: new ObjectId("6586249d5604036b57d856c5"),
  role: 'user',
  __v: 0
}
error: user.service.js - Error en getUserByField: CustomError: No se encontró ningun user con email = santimolina43@gmail.com
error: user.service.js - Error en getUserByEmail: CustomError: Error al realizar la solicitud de busqueda de usuarios.
error: user.controller.js - Error en getUsersProfileView: CustomError: Error al buscar el usuario a con email: santimolina43@gmail.com
info: Socket Server UP!
info: DB Conected!
info: HTTP Server Up on port 8080! (PRODUCTION)
info: DB Conected!
info: HTTP Server Up on port 8080! (PRODUCTION)
info: DB Conected!
info: HTTP Server Up on port 8080! (PRODUCTION)
info: DB Conected!
info: HTTP Server Up on port 8080! (PRODUCTION)
info: DB Conected!
info: HTTP Server Up on port 8080! (PRODUCTION)
info: DB Conected!
info: HTTP Server Up on port 8080! (PRODUCTION)
info: DB Conected!
info: HTTP Server Up on port 8080! (PRODUCTION)
info: DB Conected!
info: HTTP Server Up on port 8080! (PRODUCTION)
info: DB Conected!
info: HTTP Server Up on port 8080! (PRODUCTION)
info: DB Conected!
info: HTTP Server Up on port 8080! (PRODUCTION)
info: DB Conected!
info: HTTP Server Up on port 8080! (PRODUCTION)
info: DB Conected!
info: HTTP Server Up on port 8080! (PRODUCTION)
info: Socket Server UP!
info: Socket Server UP!
info: Socket Server UP!
info: DB Conected!
info: HTTP Server Up on port 8080! (PRODUCTION)
info: Socket Server UP!
info: DB Conected!
info: HTTP Server Up on port 8080! (PRODUCTION)
info: DB Conected!
info: HTTP Server Up on port 8080! (PRODUCTION)
info: DB Conected!
info: HTTP Server Up on port 8080! (PRODUCTION)
info: DB Conected!
info: HTTP Server Up on port 8080! (PRODUCTION)
info: DB Conected!
info: HTTP Server Up on port 8080! (PRODUCTION)
info: DB Conected!
info: HTTP Server Up on port 8080! (PRODUCTION)
info: DB Conected!
info: HTTP Server Up on port 8080! (PRODUCTION)
info: DB Conected!
info: HTTP Server Up on port 8080! (PRODUCTION)
info: DB Conected!
info: HTTP Server Up on port 8080! (PRODUCTION)
info: DB Conected!
info: HTTP Server Up on port 8080! (PRODUCTION)
info: Socket Server UP!
error: chat.service.js - Error en addMessage: TypeError: this.messagesDAO.create is not a function
error: chat.controller.js - Error en postMessage: CustomError: TypeError: this.messagesDAO.create is not a function
info: DB Conected!
info: HTTP Server Up on port 8080! (PRODUCTION)
info: Socket Server UP!
info: DB Conected!
info: HTTP Server Up on port 8080! (PRODUCTION)
info: DB Conected!
info: HTTP Server Up on port 8080! (PRODUCTION)
info: Socket Server UP!
info: Socket Server UP!
info: Socket Server UP!
